-------------------------------------------------------------------------------
Test set: project.arch.BestPracticesTest
-------------------------------------------------------------------------------
Tests run: 4, Failures: 1, Errors: 0, Skipped: 0, Time elapsed: 0.052 sec <<< FAILURE! - in project.arch.BestPracticesTest
system_out_is_not_called(project.arch.BestPracticesTest)  Time elapsed: 0.026 sec  <<< FAILURE!
java.lang.AssertionError: Architecture Violation [Priority: MEDIUM] - Rule 'no classes should access standard streams' was violated (67 times):
Constructor <project.Database.ConnessioneDatabase.<init>()> calls method <java.lang.ClassNotFoundException.printStackTrace()> in (ConnessioneDatabase.java:27)
Constructor <project.Database.ConnessioneDatabase.<init>()> gets field <java.lang.System.out> in (ConnessioneDatabase.java:26)
Constructor <project.GUI.ControllaRisultatiQuiz.<init>(project.Controller.Controller, javax.swing.JFrame, java.lang.String, int)> calls method <java.lang.CloneNotSupportedException.printStackTrace()> in (ControllaRisultatiQuiz.java:56)
Constructor <project.GUI.StudenteGUI.<init>(project.Controller.Controller, javax.swing.JFrame, java.lang.String)> gets field <java.lang.System.out> in (StudenteGUI.java:213)
Constructor <project.GUI.StudenteGUI.<init>(project.Controller.Controller, javax.swing.JFrame, java.lang.String)> gets field <java.lang.System.out> in (StudenteGUI.java:65)
Constructor <project.GUI.SvolgiQuiz.<init>(project.Controller.Controller, javax.swing.JFrame, java.lang.String, java.lang.String, int, java.lang.String)> calls method <java.lang.CloneNotSupportedException.printStackTrace()> in (SvolgiQuiz.java:71)
Constructor <project.GUI.SvolgiQuiz.<init>(project.Controller.Controller, javax.swing.JFrame, java.lang.String, java.lang.String, int, java.lang.String)> gets field <java.lang.System.out> in (SvolgiQuiz.java:239)
Constructor <project.GUI.ValutazioneRisposteAperteGUI.<init>(project.Controller.Controller, javax.swing.JFrame, java.lang.String, int)> calls method <java.lang.CloneNotSupportedException.printStackTrace()> in (ValutazioneRisposteAperteGUI.java:58)
Constructor <project.GUI.ValutazioneRisposteAperteGUI.<init>(project.Controller.Controller, javax.swing.JFrame, java.lang.String, int)> gets field <java.lang.System.out> in (ValutazioneRisposteAperteGUI.java:192)
Constructor <project.GUI.ValutazioneRisposteAperteGUI.<init>(project.Controller.Controller, javax.swing.JFrame, java.lang.String, int)> gets field <java.lang.System.out> in (ValutazioneRisposteAperteGUI.java:206)
Constructor <project.ImplementazionePostgresDAO.RegisterDaoImplementazioneDAO.<init>()> calls method <java.sql.SQLException.printStackTrace()> in (RegisterDaoImplementazioneDAO.java:24)
Constructor <project.ImplementazionePostgresDAO.RisultatoDaoImplementazionePostgres.<init>()> calls method <java.sql.SQLException.printStackTrace()> in (RisultatoDaoImplementazionePostgres.java:33)
Constructor <project.ImplementazionePostgresDAO.TestDaoImplementazionePostgres.<init>()> calls method <java.sql.SQLException.printStackTrace()> in (TestDaoImplementazionePostgres.java:31)
Constructor <project.ImplementazionePostgresDAO.UtenteImplementazioneDAO.<init>()> calls method <java.sql.SQLException.printStackTrace()> in (UtenteImplementazioneDAO.java:25)
Method <project.Controller.Controller.Debug()> gets field <java.lang.System.out> in (Controller.java:82)
Method <project.Controller.Controller.Debug()> gets field <java.lang.System.out> in (Controller.java:85)
Method <project.Controller.Controller.Debug()> gets field <java.lang.System.out> in (Controller.java:88)
Method <project.Controller.Controller.Debug()> gets field <java.lang.System.out> in (Controller.java:90)
Method <project.Controller.Controller.aggiungiTest(java.lang.String, java.lang.String, int, int, int)> gets field <java.lang.System.out> in (Controller.java:51)
Method <project.GUI.CreaQuizGui$1.caretUpdate(javax.swing.event.CaretEvent)> gets field <java.lang.System.out> in (CreaQuizGui.java:193)
Method <project.GUI.CreaQuizGui$2.actionPerformed(java.awt.event.ActionEvent)> gets field <java.lang.System.out> in (CreaQuizGui.java:269)
Method <project.GUI.CreaQuizGui$2.actionPerformed(java.awt.event.ActionEvent)> gets field <java.lang.System.out> in (CreaQuizGui.java:296)
Method <project.GUI.Login$6.actionPerformed(java.awt.event.ActionEvent)> gets field <java.lang.System.out> in (Login.java:279)
Method <project.GUI.Main$1.run()> calls method <java.lang.Exception.printStackTrace()> in (Main.java:47)
Method <project.GUI.Main$1.run()> gets field <java.lang.System.out> in (Main.java:41)
Method <project.GUI.PanelFormDomande$1$1.actionPerformed(java.awt.event.ActionEvent)> gets field <java.lang.System.out> in (PanelFormDomande.java:130)
Method <project.GUI.PanelFormDomande$1.actionPerformed(java.awt.event.ActionEvent)> gets field <java.lang.System.out> in (PanelFormDomande.java:146)
Method <project.GUI.PanelFormDomande$1.actionPerformed(java.awt.event.ActionEvent)> gets field <java.lang.System.out> in (PanelFormDomande.java:153)
Method <project.GUI.PanelFormDomande$2$1.actionPerformed(java.awt.event.ActionEvent)> gets field <java.lang.System.out> in (PanelFormDomande.java:198)
Method <project.GUI.PanelFormDomande$2$2.actionPerformed(java.awt.event.ActionEvent)> gets field <java.lang.System.out> in (PanelFormDomande.java:235)
Method <project.GUI.PanelFormDomande$2.stateChanged(javax.swing.event.ChangeEvent)> gets field <java.lang.System.out> in (PanelFormDomande.java:173)
Method <project.GUI.PanelFormDomande$2.stateChanged(javax.swing.event.ChangeEvent)> gets field <java.lang.System.out> in (PanelFormDomande.java:175)
Method <project.GUI.PanelFormDomande$2.stateChanged(javax.swing.event.ChangeEvent)> gets field <java.lang.System.out> in (PanelFormDomande.java:218)
Method <project.GUI.PanelFormDomande$2.stateChanged(javax.swing.event.ChangeEvent)> gets field <java.lang.System.out> in (PanelFormDomande.java:219)
Method <project.ImplementazionePostgresDAO.RegisterDaoImplementazioneDAO.AggiungiUtente(java.lang.String, java.lang.String, java.lang.String, java.lang.String, java.lang.String, java.lang.String, java.lang.String, java.lang.String, java.lang.String, int, int, int)> calls method <java.sql.SQLException.printStackTrace()> in (RegisterDaoImplementazioneDAO.java:110)
Method <project.ImplementazionePostgresDAO.RegisterDaoImplementazioneDAO.AggiungiUtente(java.lang.String, java.lang.String, java.lang.String, java.lang.String, java.lang.String, java.lang.String, java.lang.String, java.lang.String, java.lang.String, int, int, int)> calls method <java.sql.SQLException.printStackTrace()> in (RegisterDaoImplementazioneDAO.java:149)
Method <project.ImplementazionePostgresDAO.RegisterDaoImplementazioneDAO.RecuperaCdL([Ljava.lang.String;)> calls method <java.sql.SQLException.printStackTrace()> in (RegisterDaoImplementazioneDAO.java:63)
Method <project.ImplementazionePostgresDAO.RegisterDaoImplementazioneDAO.RecuperaDiparmenti([Ljava.lang.String;)> calls method <java.sql.SQLException.printStackTrace()> in (RegisterDaoImplementazioneDAO.java:44)
Method <project.ImplementazionePostgresDAO.RisultatoDaoImplementazionePostgres.AggiungiRisultatoTest(java.lang.String, java.lang.String, java.lang.String)> calls method <java.sql.SQLException.printStackTrace()> in (RisultatoDaoImplementazionePostgres.java:140)
Method <project.ImplementazionePostgresDAO.RisultatoDaoImplementazionePostgres.AggiungiValutazionePrePost(java.lang.String, java.lang.String, java.lang.String, java.lang.String, java.lang.String, java.lang.String, java.lang.String, int)> calls method <java.sql.SQLException.printStackTrace()> in (RisultatoDaoImplementazionePostgres.java:101)
Method <project.ImplementazionePostgresDAO.RisultatoDaoImplementazionePostgres.AggiungiValutazionePrePost(java.lang.String, java.lang.String, java.lang.String, java.lang.String, java.lang.String, java.lang.String, java.lang.String, int)> calls method <java.sql.SQLException.printStackTrace()> in (RisultatoDaoImplementazionePostgres.java:69)
Method <project.ImplementazionePostgresDAO.RisultatoDaoImplementazionePostgres.AggiungiValutazionePrePost(java.lang.String, java.lang.String, java.lang.String, java.lang.String, java.lang.String, java.lang.String, java.lang.String, int)> gets field <java.lang.System.out> in (RisultatoDaoImplementazionePostgres.java:90)
Method <project.ImplementazionePostgresDAO.RisultatoDaoImplementazionePostgres.CountRisultato(java.lang.String)> calls method <java.sql.SQLException.printStackTrace()> in (RisultatoDaoImplementazionePostgres.java:168)
Method <project.ImplementazionePostgresDAO.RisultatoDaoImplementazionePostgres.CountRisultato(java.lang.String)> gets field <java.lang.System.out> in (RisultatoDaoImplementazionePostgres.java:159)
Method <project.ImplementazionePostgresDAO.RisultatoDaoImplementazionePostgres.CountValutazioneAperte(java.lang.String)> calls method <java.sql.SQLException.printStackTrace()> in (RisultatoDaoImplementazionePostgres.java:293)
Method <project.ImplementazionePostgresDAO.RisultatoDaoImplementazionePostgres.CountValutazioneAperte(java.lang.String)> gets field <java.lang.System.out> in (RisultatoDaoImplementazionePostgres.java:281)
Method <project.ImplementazionePostgresDAO.RisultatoDaoImplementazionePostgres.RecuperaStudeteStartMatricola(java.lang.String)> calls method <java.sql.SQLException.printStackTrace()> in (RisultatoDaoImplementazionePostgres.java:355)
Method <project.ImplementazionePostgresDAO.RisultatoDaoImplementazionePostgres.RecuperaValutazioniDaDB(project.Model.Utente)> calls method <java.sql.SQLException.printStackTrace()> in (RisultatoDaoImplementazionePostgres.java:323)
Method <project.ImplementazionePostgresDAO.RisultatoDaoImplementazionePostgres.ResulDaDb(project.Model.Utente)> calls method <java.sql.SQLException.printStackTrace()> in (RisultatoDaoImplementazionePostgres.java:233)
Method <project.ImplementazionePostgresDAO.RisultatoDaoImplementazionePostgres.ResultDaDBAperta(project.Model.Utente)> calls method <java.sql.SQLException.printStackTrace()> in (RisultatoDaoImplementazionePostgres.java:267)
Method <project.ImplementazionePostgresDAO.RisultatoDaoImplementazionePostgres.RisultatoNome(int)> calls method <java.sql.SQLException.printStackTrace()> in (RisultatoDaoImplementazionePostgres.java:253)
Method <project.ImplementazionePostgresDAO.RisultatoDaoImplementazionePostgres.UpdateRisultatoDao(int, int)> calls method <java.sql.SQLException.printStackTrace()> in (RisultatoDaoImplementazionePostgres.java:338)
Method <project.ImplementazionePostgresDAO.TestDaoImplementazionePostgres.AggiugiTestAlDB(java.lang.String, java.lang.String, int, int, int)> calls method <java.sql.SQLException.printStackTrace()> in (TestDaoImplementazionePostgres.java:176)
Method <project.ImplementazionePostgresDAO.TestDaoImplementazionePostgres.AggiungiQuiz(java.lang.String, java.lang.String, java.lang.String, int, int)> calls method <java.sql.SQLException.printStackTrace()> in (TestDaoImplementazionePostgres.java:206)
Method <project.ImplementazionePostgresDAO.TestDaoImplementazionePostgres.AggiungiRisposta(java.lang.String, java.lang.String)> calls method <java.sql.SQLException.printStackTrace()> in (TestDaoImplementazionePostgres.java:225)
Method <project.ImplementazionePostgresDAO.TestDaoImplementazionePostgres.AggiungiRisposta(java.lang.String, java.lang.String)> gets field <java.lang.System.out> in (TestDaoImplementazionePostgres.java:219)
Method <project.ImplementazionePostgresDAO.TestDaoImplementazionePostgres.CreaUtenti(java.util.ArrayList)> calls method <java.sql.SQLException.printStackTrace()> in (TestDaoImplementazionePostgres.java:156)
Method <project.ImplementazionePostgresDAO.UtenteImplementazioneDAO.VedeSePresente(java.lang.String)> calls method <java.sql.SQLException.printStackTrace()> in (UtenteImplementazioneDAO.java:77)
Method <project.ImplementazionePostgresDAO.UtenteImplementazioneDAO.controllaDao(java.lang.String, java.lang.String)> calls method <java.sql.SQLException.printStackTrace()> in (UtenteImplementazioneDAO.java:57)
Method <project.ImplementazionePostgresDAO.UtenteImplementazioneDAO.controllaDao(java.lang.String, java.lang.String)> gets field <java.lang.System.out> in (UtenteImplementazioneDAO.java:39)
Method <project.ImplementazionePostgresDAO.UtenteImplementazioneDAO.creaNuovoUtente(java.lang.String, java.lang.String)> calls method <java.sql.SQLException.printStackTrace()> in (UtenteImplementazioneDAO.java:108)
Method <project.arch.MetricsRunner.lambda$main$0(com.tngtech.archunit.library.metrics.ComponentDependencyMetrics, com.tngtech.archunit.library.metrics.MetricsComponent)> gets field <java.lang.System.out> in (MetricsRunner.java:24)
Method <project.arch.MetricsRunner.lambda$main$0(com.tngtech.archunit.library.metrics.ComponentDependencyMetrics, com.tngtech.archunit.library.metrics.MetricsComponent)> gets field <java.lang.System.out> in (MetricsRunner.java:25)
Method <project.arch.MetricsRunner.lambda$main$0(com.tngtech.archunit.library.metrics.ComponentDependencyMetrics, com.tngtech.archunit.library.metrics.MetricsComponent)> gets field <java.lang.System.out> in (MetricsRunner.java:26)
Method <project.arch.MetricsRunner.lambda$main$0(com.tngtech.archunit.library.metrics.ComponentDependencyMetrics, com.tngtech.archunit.library.metrics.MetricsComponent)> gets field <java.lang.System.out> in (MetricsRunner.java:27)
Method <project.arch.MetricsRunner.lambda$main$0(com.tngtech.archunit.library.metrics.ComponentDependencyMetrics, com.tngtech.archunit.library.metrics.MetricsComponent)> gets field <java.lang.System.out> in (MetricsRunner.java:28)
Method <project.arch.MetricsRunner.lambda$main$0(com.tngtech.archunit.library.metrics.ComponentDependencyMetrics, com.tngtech.archunit.library.metrics.MetricsComponent)> gets field <java.lang.System.out> in (MetricsRunner.java:29)
	at com.tngtech.archunit.lang.ArchRule$Assertions.assertNoViolation(ArchRule.java:94)
	at com.tngtech.archunit.lang.ArchRule$Assertions.check(ArchRule.java:82)
	at com.tngtech.archunit.lang.ArchRule$Factory$SimpleArchRule.check(ArchRule.java:198)
	at com.tngtech.archunit.lang.syntax.ObjectsShouldInternal.check(ObjectsShouldInternal.java:81)
	at com.tngtech.archunit.junit.ArchRuleExecution.evaluateOn(ArchRuleExecution.java:43)
	at com.tngtech.archunit.junit.ArchUnitRunner.runChild(ArchUnitRunner.java:154)
	at com.tngtech.archunit.junit.ArchUnitRunner.runChild(ArchUnitRunner.java:63)
	at org.junit.runners.ParentRunner$3.run(ParentRunner.java:238)
	at org.junit.runners.ParentRunner$1.schedule(ParentRunner.java:63)
	at org.junit.runners.ParentRunner.runChildren(ParentRunner.java:236)
	at org.junit.runners.ParentRunner.access$000(ParentRunner.java:53)
	at org.junit.runners.ParentRunner$2.evaluate(ParentRunner.java:229)
	at com.tngtech.archunit.junit.ArchUnitRunner$1.evaluate(ArchUnitRunner.java:88)
	at org.junit.runners.ParentRunner.run(ParentRunner.java:309)
	at org.apache.maven.surefire.junit4.JUnit4Provider.execute(JUnit4Provider.java:283)
	at org.apache.maven.surefire.junit4.JUnit4Provider.executeWithRerun(JUnit4Provider.java:173)
	at org.apache.maven.surefire.junit4.JUnit4Provider.executeTestSet(JUnit4Provider.java:153)
	at org.apache.maven.surefire.junit4.JUnit4Provider.invoke(JUnit4Provider.java:128)
	at org.apache.maven.surefire.booter.ForkedBooter.invokeProviderInSameClassLoader(ForkedBooter.java:203)
	at org.apache.maven.surefire.booter.ForkedBooter.runSuitesInProcess(ForkedBooter.java:155)
	at org.apache.maven.surefire.booter.ForkedBooter.main(ForkedBooter.java:103)

