-------------------------------------------------------------------------------
Test set: project.arch.LayerContainmentTest
-------------------------------------------------------------------------------
Tests run: 8, Failures: 3, Errors: 0, Skipped: 0, Time elapsed: 0.001 sec <<< FAILURE! - in project.arch.LayerContainmentTest
DAOs_only_reside_in_the_DAO_layer(project.arch.LayerContainmentTest)  Time elapsed: 0 sec  <<< FAILURE!
java.lang.AssertionError: Architecture Violation [Priority: MEDIUM] - Rule 'no classes that have simple name not ending with 'DAO' should reside in a package 'project.DAO'' was violated (1 times):
Class <project.DAO.UtenteDao> does reside in a package 'project.DAO' in (UtenteDao.java:0)
	at com.tngtech.archunit.lang.ArchRule$Assertions.assertNoViolation(ArchRule.java:94)
	at com.tngtech.archunit.lang.ArchRule$Assertions.check(ArchRule.java:82)
	at com.tngtech.archunit.lang.ArchRule$Factory$SimpleArchRule.check(ArchRule.java:198)
	at com.tngtech.archunit.lang.syntax.ObjectsShouldInternal.check(ObjectsShouldInternal.java:81)
	at com.tngtech.archunit.junit.ArchRuleExecution.evaluateOn(ArchRuleExecution.java:43)
	at com.tngtech.archunit.junit.ArchUnitRunner.runChild(ArchUnitRunner.java:154)
	at com.tngtech.archunit.junit.ArchUnitRunner.runChild(ArchUnitRunner.java:63)
	at org.junit.runners.ParentRunner$3.run(ParentRunner.java:238)
	at org.junit.runners.ParentRunner$1.schedule(ParentRunner.java:63)
	at org.junit.runners.ParentRunner.runChildren(ParentRunner.java:236)
	at org.junit.runners.ParentRunner.access$000(ParentRunner.java:53)
	at org.junit.runners.ParentRunner$2.evaluate(ParentRunner.java:229)
	at com.tngtech.archunit.junit.ArchUnitRunner$1.evaluate(ArchUnitRunner.java:88)
	at org.junit.runners.ParentRunner.run(ParentRunner.java:309)
	at org.apache.maven.surefire.junit4.JUnit4Provider.execute(JUnit4Provider.java:283)
	at org.apache.maven.surefire.junit4.JUnit4Provider.executeWithRerun(JUnit4Provider.java:173)
	at org.apache.maven.surefire.junit4.JUnit4Provider.executeTestSet(JUnit4Provider.java:153)
	at org.apache.maven.surefire.junit4.JUnit4Provider.invoke(JUnit4Provider.java:128)
	at org.apache.maven.surefire.booter.ForkedBooter.invokeProviderInSameClassLoader(ForkedBooter.java:203)
	at org.apache.maven.surefire.booter.ForkedBooter.runSuitesInProcess(ForkedBooter.java:155)
	at org.apache.maven.surefire.booter.ForkedBooter.main(ForkedBooter.java:103)

DAO_implementations_reside_in_the_DAO_implementation_layer(project.arch.LayerContainmentTest)  Time elapsed: 0.001 sec  <<< FAILURE!
java.lang.AssertionError: Architecture Violation [Priority: MEDIUM] - Rule 'classes that have simple name ending with 'ImplementazioneDAO' should reside in a package 'project.ImplementazioniPostgresDAO'' was violated (2 times):
Class <project.ImplementazionePostgresDAO.RegisterDaoImplementazioneDAO> does not reside in a package 'project.ImplementazioniPostgresDAO' in (RegisterDaoImplementazioneDAO.java:0)
Class <project.ImplementazionePostgresDAO.UtenteImplementazioneDAO> does not reside in a package 'project.ImplementazioniPostgresDAO' in (UtenteImplementazioneDAO.java:0)
	at com.tngtech.archunit.lang.ArchRule$Assertions.assertNoViolation(ArchRule.java:94)
	at com.tngtech.archunit.lang.ArchRule$Assertions.check(ArchRule.java:82)
	at com.tngtech.archunit.lang.ArchRule$Factory$SimpleArchRule.check(ArchRule.java:198)
	at com.tngtech.archunit.lang.syntax.ObjectsShouldInternal.check(ObjectsShouldInternal.java:81)
	at com.tngtech.archunit.junit.ArchRuleExecution.evaluateOn(ArchRuleExecution.java:43)
	at com.tngtech.archunit.junit.ArchUnitRunner.runChild(ArchUnitRunner.java:154)
	at com.tngtech.archunit.junit.ArchUnitRunner.runChild(ArchUnitRunner.java:63)
	at org.junit.runners.ParentRunner$3.run(ParentRunner.java:238)
	at org.junit.runners.ParentRunner$1.schedule(ParentRunner.java:63)
	at org.junit.runners.ParentRunner.runChildren(ParentRunner.java:236)
	at org.junit.runners.ParentRunner.access$000(ParentRunner.java:53)
	at org.junit.runners.ParentRunner$2.evaluate(ParentRunner.java:229)
	at com.tngtech.archunit.junit.ArchUnitRunner$1.evaluate(ArchUnitRunner.java:88)
	at org.junit.runners.ParentRunner.run(ParentRunner.java:309)
	at org.apache.maven.surefire.junit4.JUnit4Provider.execute(JUnit4Provider.java:283)
	at org.apache.maven.surefire.junit4.JUnit4Provider.executeWithRerun(JUnit4Provider.java:173)
	at org.apache.maven.surefire.junit4.JUnit4Provider.executeTestSet(JUnit4Provider.java:153)
	at org.apache.maven.surefire.junit4.JUnit4Provider.invoke(JUnit4Provider.java:128)
	at org.apache.maven.surefire.booter.ForkedBooter.invokeProviderInSameClassLoader(ForkedBooter.java:203)
	at org.apache.maven.surefire.booter.ForkedBooter.runSuitesInProcess(ForkedBooter.java:155)
	at org.apache.maven.surefire.booter.ForkedBooter.main(ForkedBooter.java:103)

GUIs_only_reside_in_the_GUI_layer(project.arch.LayerContainmentTest)  Time elapsed: 0 sec  <<< FAILURE!
java.lang.AssertionError: Architecture Violation [Priority: MEDIUM] - Rule 'no classes that have simple name not ending with 'GUI' should reside in a package 'project.GUI'' was violated (44 times):
Class <project.GUI.ControllaRisultatiQuiz$1> does reside in a package 'project.GUI' in (ControllaRisultatiQuiz.java:0)
Class <project.GUI.ControllaRisultatiQuiz> does reside in a package 'project.GUI' in (ControllaRisultatiQuiz.java:0)
Class <project.GUI.CreaQuizGui$1> does reside in a package 'project.GUI' in (CreaQuizGui.java:0)
Class <project.GUI.CreaQuizGui$2> does reside in a package 'project.GUI' in (CreaQuizGui.java:0)
Class <project.GUI.CreaQuizGui$3> does reside in a package 'project.GUI' in (CreaQuizGui.java:0)
Class <project.GUI.CreaQuizGui> does reside in a package 'project.GUI' in (CreaQuizGui.java:0)
Class <project.GUI.FormCollegamentoEsami$1> does reside in a package 'project.GUI' in (FormCollegamentoEsami.java:0)
Class <project.GUI.FormCollegamentoEsami> does reside in a package 'project.GUI' in (FormCollegamentoEsami.java:0)
Class <project.GUI.FormCorreggiRisposte> does reside in a package 'project.GUI' in (FormCorreggiRisposte.java:0)
Class <project.GUI.FormVisualQuiz> does reside in a package 'project.GUI' in (FormVisualQuiz.java:0)
Class <project.GUI.FormVisualRisultato> does reside in a package 'project.GUI' in (FormVisualRisultato.java:0)
Class <project.GUI.InsegnanteGUI$1> does reside in a package 'project.GUI' in (InsegnanteGUI.java:0)
Class <project.GUI.InsegnanteGUI$2> does reside in a package 'project.GUI' in (InsegnanteGUI.java:0)
Class <project.GUI.Login$1> does reside in a package 'project.GUI' in (Login.java:0)
Class <project.GUI.Login$2> does reside in a package 'project.GUI' in (Login.java:0)
Class <project.GUI.Login$3> does reside in a package 'project.GUI' in (Login.java:0)
Class <project.GUI.Login$4> does reside in a package 'project.GUI' in (Login.java:0)
Class <project.GUI.Login$5> does reside in a package 'project.GUI' in (Login.java:0)
Class <project.GUI.Login$6> does reside in a package 'project.GUI' in (Login.java:0)
Class <project.GUI.Login> does reside in a package 'project.GUI' in (Login.java:0)
Class <project.GUI.Main$1> does reside in a package 'project.GUI' in (Main.java:0)
Class <project.GUI.Main> does reside in a package 'project.GUI' in (Main.java:0)
Class <project.GUI.PanelCollegamentoValutazioneRisposteAperte$1> does reside in a package 'project.GUI' in (PanelCollegamentoValutazioneRisposteAperte.java:0)
Class <project.GUI.PanelCollegamentoValutazioneRisposteAperte> does reside in a package 'project.GUI' in (PanelCollegamentoValutazioneRisposteAperte.java:0)
Class <project.GUI.PanelFormDomande$1$1> does reside in a package 'project.GUI' in (PanelFormDomande.java:0)
Class <project.GUI.PanelFormDomande$1> does reside in a package 'project.GUI' in (PanelFormDomande.java:0)
Class <project.GUI.PanelFormDomande$2$1> does reside in a package 'project.GUI' in (PanelFormDomande.java:0)
Class <project.GUI.PanelFormDomande$2$2> does reside in a package 'project.GUI' in (PanelFormDomande.java:0)
Class <project.GUI.PanelFormDomande$2> does reside in a package 'project.GUI' in (PanelFormDomande.java:0)
Class <project.GUI.PanelFormDomande> does reside in a package 'project.GUI' in (PanelFormDomande.java:0)
Class <project.GUI.PanelRisultatiCollegamento$1> does reside in a package 'project.GUI' in (PanelRisultatiCollegamento.java:0)
Class <project.GUI.PanelRisultatiCollegamento> does reside in a package 'project.GUI' in (PanelRisultatiCollegamento.java:0)
Class <project.GUI.Register$1> does reside in a package 'project.GUI' in (Register.java:0)
Class <project.GUI.Register$2> does reside in a package 'project.GUI' in (Register.java:0)
Class <project.GUI.Register$3> does reside in a package 'project.GUI' in (Register.java:0)
Class <project.GUI.Register$4> does reside in a package 'project.GUI' in (Register.java:0)
Class <project.GUI.Register$5> does reside in a package 'project.GUI' in (Register.java:0)
Class <project.GUI.Register> does reside in a package 'project.GUI' in (Register.java:0)
Class <project.GUI.StudenteGUI$1> does reside in a package 'project.GUI' in (StudenteGUI.java:0)
Class <project.GUI.SvolgiQuiz$1> does reside in a package 'project.GUI' in (SvolgiQuiz.java:0)
Class <project.GUI.SvolgiQuiz$2> does reside in a package 'project.GUI' in (SvolgiQuiz.java:0)
Class <project.GUI.SvolgiQuiz> does reside in a package 'project.GUI' in (SvolgiQuiz.java:0)
Class <project.GUI.ValutazioneRisposteAperteGUI$1> does reside in a package 'project.GUI' in (ValutazioneRisposteAperteGUI.java:0)
Class <project.GUI.ValutazioneRisposteAperteGUI$2> does reside in a package 'project.GUI' in (ValutazioneRisposteAperteGUI.java:0)
	at com.tngtech.archunit.lang.ArchRule$Assertions.assertNoViolation(ArchRule.java:94)
	at com.tngtech.archunit.lang.ArchRule$Assertions.check(ArchRule.java:82)
	at com.tngtech.archunit.lang.ArchRule$Factory$SimpleArchRule.check(ArchRule.java:198)
	at com.tngtech.archunit.lang.syntax.ObjectsShouldInternal.check(ObjectsShouldInternal.java:81)
	at com.tngtech.archunit.junit.ArchRuleExecution.evaluateOn(ArchRuleExecution.java:43)
	at com.tngtech.archunit.junit.ArchUnitRunner.runChild(ArchUnitRunner.java:154)
	at com.tngtech.archunit.junit.ArchUnitRunner.runChild(ArchUnitRunner.java:63)
	at org.junit.runners.ParentRunner$3.run(ParentRunner.java:238)
	at org.junit.runners.ParentRunner$1.schedule(ParentRunner.java:63)
	at org.junit.runners.ParentRunner.runChildren(ParentRunner.java:236)
	at org.junit.runners.ParentRunner.access$000(ParentRunner.java:53)
	at org.junit.runners.ParentRunner$2.evaluate(ParentRunner.java:229)
	at com.tngtech.archunit.junit.ArchUnitRunner$1.evaluate(ArchUnitRunner.java:88)
	at org.junit.runners.ParentRunner.run(ParentRunner.java:309)
	at org.apache.maven.surefire.junit4.JUnit4Provider.execute(JUnit4Provider.java:283)
	at org.apache.maven.surefire.junit4.JUnit4Provider.executeWithRerun(JUnit4Provider.java:173)
	at org.apache.maven.surefire.junit4.JUnit4Provider.executeTestSet(JUnit4Provider.java:153)
	at org.apache.maven.surefire.junit4.JUnit4Provider.invoke(JUnit4Provider.java:128)
	at org.apache.maven.surefire.booter.ForkedBooter.invokeProviderInSameClassLoader(ForkedBooter.java:203)
	at org.apache.maven.surefire.booter.ForkedBooter.runSuitesInProcess(ForkedBooter.java:155)
	at org.apache.maven.surefire.booter.ForkedBooter.main(ForkedBooter.java:103)

