<?xml version="1.0" encoding="UTF-8"?>
<testsuite name="project.arch.LayeredArchitectureTest" time="1.369" tests="1" errors="0" skipped="0" failures="1">
  <properties>
[...]
</properties>
  <testcase name="layer_dependencies_are_respected" classname="project.arch.LayeredArchitectureTest" time="1.369">
    <failure message="Architecture Violation [Priority: MEDIUM] - Rule &apos;Layered architecture consisting of&#10;layer &apos;Boundaries&apos; (&apos;project.GUI..&apos;)&#10;layer &apos;Controls&apos; (&apos;project.Controller..&apos;)&#10;layer &apos;Entities&apos; (&apos;project.Model..&apos;)&#10;layer &apos;Database&apos; (&apos;project.ImplementazionePostgresDAO..&apos;)&#10;where layer &apos;Boundaries&apos; may not be accessed by any layer&#10;where layer &apos;Controls&apos; may only be accessed by layers [&apos;Boundaries&apos;]&#10;where layer &apos;Entities&apos; may only be accessed by layers [&apos;Controls&apos;]&#10;where layer &apos;Database&apos; may only be accessed by layers [&apos;Entities&apos;]&apos; was violated (189 times):&#10;Constructor &lt;project.GUI.ControllaRisultatiQuiz.&lt;init&gt;(project.Controller.Controller, javax.swing.JFrame, java.lang.String, int)&gt; calls method &lt;project.Model.Utente.getCodiceFiscale()&gt; in (ControllaRisultatiQuiz.java:130)&#10;Constructor &lt;project.GUI.ControllaRisultatiQuiz.&lt;init&gt;(project.Controller.Controller, javax.swing.JFrame, java.lang.String, int)&gt; calls method &lt;project.Model.Utente.getCognome()&gt; in (ControllaRisultatiQuiz.java:129)&#10;Constructor &lt;project.GUI.ControllaRisultatiQuiz.&lt;init&gt;(project.Controller.Controller, javax.swing.JFrame, java.lang.String, int)&gt; calls method &lt;project.Model.Utente.getNome()&gt; in (ControllaRisultatiQuiz.java:128)&#10;Constructor &lt;project.GUI.ControllaRisultatiQuiz.&lt;init&gt;(project.Controller.Controller, javax.swing.JFrame, java.lang.String, int)&gt; gets field &lt;project.Model.Domanda.Domanda&gt; in (ControllaRisultatiQuiz.java:194)&#10;Constructor &lt;project.GUI.ControllaRisultatiQuiz.&lt;init&gt;(project.Controller.Controller, javax.swing.JFrame, java.lang.String, int)&gt; gets field &lt;project.Model.Domanda.Riposta&gt; in (ControllaRisultatiQuiz.java:195)&#10;Constructor &lt;project.GUI.ControllaRisultatiQuiz.&lt;init&gt;(project.Controller.Controller, javax.swing.JFrame, java.lang.String, int)&gt; gets field &lt;project.Model.RisultatoTest.DomandePresenti&gt; in (ControllaRisultatiQuiz.java:189)&#10;Constructor &lt;project.GUI.ControllaRisultatiQuiz.&lt;init&gt;(project.Controller.Controller, javax.swing.JFrame, java.lang.String, int)&gt; gets field &lt;project.Model.RisultatoTest.DomandePresenti&gt; in (ControllaRisultatiQuiz.java:194)&#10;Constructor &lt;project.GUI.ControllaRisultatiQuiz.&lt;init&gt;(project.Controller.Controller, javax.swing.JFrame, java.lang.String, int)&gt; gets field &lt;project.Model.RisultatoTest.DomandePresenti&gt; in (ControllaRisultatiQuiz.java:195)&#10;Constructor &lt;project.GUI.ControllaRisultatiQuiz.&lt;init&gt;(project.Controller.Controller, javax.swing.JFrame, java.lang.String, int)&gt; gets field &lt;project.Model.RisultatoTest.DomandePresenti&gt; in (ControllaRisultatiQuiz.java:199)&#10;Constructor &lt;project.GUI.ControllaRisultatiQuiz.&lt;init&gt;(project.Controller.Controller, javax.swing.JFrame, java.lang.String, int)&gt; gets field &lt;project.Model.RisultatoTest.DomandePresenti&gt; in (ControllaRisultatiQuiz.java:200)&#10;Constructor &lt;project.GUI.ControllaRisultatiQuiz.&lt;init&gt;(project.Controller.Controller, javax.swing.JFrame, java.lang.String, int)&gt; gets field &lt;project.Model.RisultatoTest.idRisultatoTest&gt; in (ControllaRisultatiQuiz.java:150)&#10;Constructor &lt;project.GUI.ControllaRisultatiQuiz.&lt;init&gt;(project.Controller.Controller, javax.swing.JFrame, java.lang.String, int)&gt; gets field &lt;project.Model.RisultatoTest.punteggioOttenuto&gt; in (ControllaRisultatiQuiz.java:174)&#10;Constructor &lt;project.GUI.ControllaRisultatiQuiz.&lt;init&gt;(project.Controller.Controller, javax.swing.JFrame, java.lang.String, int)&gt; gets field &lt;project.Model.Utente.ListaRisultati&gt; in (ControllaRisultatiQuiz.java:150)&#10;Constructor &lt;project.GUI.ControllaRisultatiQuiz.&lt;init&gt;(project.Controller.Controller, javax.swing.JFrame, java.lang.String, int)&gt; gets field &lt;project.Model.Utente.ListaRisultati&gt; in (ControllaRisultatiQuiz.java:174)&#10;Constructor &lt;project.GUI.ControllaRisultatiQuiz.&lt;init&gt;(project.Controller.Controller, javax.swing.JFrame, java.lang.String, int)&gt; gets field &lt;project.Model.Utente.ListaRisultati&gt; in (ControllaRisultatiQuiz.java:189)&#10;Constructor &lt;project.GUI.ControllaRisultatiQuiz.&lt;init&gt;(project.Controller.Controller, javax.swing.JFrame, java.lang.String, int)&gt; gets field &lt;project.Model.Utente.ListaRisultati&gt; in (ControllaRisultatiQuiz.java:194)&#10;Constructor &lt;project.GUI.ControllaRisultatiQuiz.&lt;init&gt;(project.Controller.Controller, javax.swing.JFrame, java.lang.String, int)&gt; gets field &lt;project.Model.Utente.ListaRisultati&gt; in (ControllaRisultatiQuiz.java:195)&#10;Constructor &lt;project.GUI.ControllaRisultatiQuiz.&lt;init&gt;(project.Controller.Controller, javax.swing.JFrame, java.lang.String, int)&gt; gets field &lt;project.Model.Utente.ListaRisultati&gt; in (ControllaRisultatiQuiz.java:199)&#10;Constructor &lt;project.GUI.ControllaRisultatiQuiz.&lt;init&gt;(project.Controller.Controller, javax.swing.JFrame, java.lang.String, int)&gt; gets field &lt;project.Model.Utente.ListaRisultati&gt; in (ControllaRisultatiQuiz.java:200)&#10;Constructor &lt;project.GUI.SvolgiQuiz.&lt;init&gt;(project.Controller.Controller, javax.swing.JFrame, java.lang.String, java.lang.String, int, java.lang.String)&gt; calls method &lt;project.Model.Quiz.getTipologiaTest()&gt; in (SvolgiQuiz.java:200)&#10;Constructor &lt;project.GUI.SvolgiQuiz.&lt;init&gt;(project.Controller.Controller, javax.swing.JFrame, java.lang.String, java.lang.String, int, java.lang.String)&gt; gets field &lt;project.Model.Domanda.Domanda&gt; in (SvolgiQuiz.java:206)&#10;Constructor &lt;project.GUI.SvolgiQuiz.&lt;init&gt;(project.Controller.Controller, javax.swing.JFrame, java.lang.String, java.lang.String, int, java.lang.String)&gt; gets field &lt;project.Model.Domanda.Domanda&gt; in (SvolgiQuiz.java:237)&#10;Constructor &lt;project.GUI.SvolgiQuiz.&lt;init&gt;(project.Controller.Controller, javax.swing.JFrame, java.lang.String, java.lang.String, int, java.lang.String)&gt; gets field &lt;project.Model.Domanda.Domanda&gt; in (SvolgiQuiz.java:260)&#10;Constructor &lt;project.GUI.SvolgiQuiz.&lt;init&gt;(project.Controller.Controller, javax.swing.JFrame, java.lang.String, java.lang.String, int, java.lang.String)&gt; gets field &lt;project.Model.Domanda.Riposta&gt; in (SvolgiQuiz.java:264)&#10;Constructor &lt;project.GUI.SvolgiQuiz.&lt;init&gt;(project.Controller.Controller, javax.swing.JFrame, java.lang.String, java.lang.String, int, java.lang.String)&gt; gets field &lt;project.Model.Quiz.Domande&gt; in (SvolgiQuiz.java:206)&#10;Constructor &lt;project.GUI.SvolgiQuiz.&lt;init&gt;(project.Controller.Controller, javax.swing.JFrame, java.lang.String, java.lang.String, int, java.lang.String)&gt; gets field &lt;project.Model.Quiz.Domande&gt; in (SvolgiQuiz.java:237)&#10;Constructor &lt;project.GUI.SvolgiQuiz.&lt;init&gt;(project.Controller.Controller, javax.swing.JFrame, java.lang.String, java.lang.String, int, java.lang.String)&gt; gets field &lt;project.Model.Quiz.Domande&gt; in (SvolgiQuiz.java:254)&#10;Constructor &lt;project.GUI.SvolgiQuiz.&lt;init&gt;(project.Controller.Controller, javax.swing.JFrame, java.lang.String, java.lang.String, int, java.lang.String)&gt; gets field &lt;project.Model.Quiz.Domande&gt; in (SvolgiQuiz.java:260)&#10;Constructor &lt;project.GUI.SvolgiQuiz.&lt;init&gt;(project.Controller.Controller, javax.swing.JFrame, java.lang.String, java.lang.String, int, java.lang.String)&gt; gets field &lt;project.Model.Quiz.Domande&gt; in (SvolgiQuiz.java:264)&#10;Constructor &lt;project.GUI.SvolgiQuiz.&lt;init&gt;(project.Controller.Controller, javax.swing.JFrame, java.lang.String, java.lang.String, int, java.lang.String)&gt; gets field &lt;project.Model.Test.QuizPresenti&gt; in (SvolgiQuiz.java:198)&#10;Constructor &lt;project.GUI.SvolgiQuiz.&lt;init&gt;(project.Controller.Controller, javax.swing.JFrame, java.lang.String, java.lang.String, int, java.lang.String)&gt; gets field &lt;project.Model.Test.QuizPresenti&gt; in (SvolgiQuiz.java:200)&#10;Constructor &lt;project.GUI.SvolgiQuiz.&lt;init&gt;(project.Controller.Controller, javax.swing.JFrame, java.lang.String, java.lang.String, int, java.lang.String)&gt; gets field &lt;project.Model.Test.QuizPresenti&gt; in (SvolgiQuiz.java:206)&#10;Constructor &lt;project.GUI.SvolgiQuiz.&lt;init&gt;(project.Controller.Controller, javax.swing.JFrame, java.lang.String, java.lang.String, int, java.lang.String)&gt; gets field &lt;project.Model.Test.QuizPresenti&gt; in (SvolgiQuiz.java:229)&#10;Constructor &lt;project.GUI.SvolgiQuiz.&lt;init&gt;(project.Controller.Controller, javax.swing.JFrame, java.lang.String, java.lang.String, int, java.lang.String)&gt; gets field &lt;project.Model.Test.QuizPresenti&gt; in (SvolgiQuiz.java:230)&#10;Constructor &lt;project.GUI.SvolgiQuiz.&lt;init&gt;(project.Controller.Controller, javax.swing.JFrame, java.lang.String, java.lang.String, int, java.lang.String)&gt; gets field &lt;project.Model.Test.QuizPresenti&gt; in (SvolgiQuiz.java:237)&#10;Constructor &lt;project.GUI.SvolgiQuiz.&lt;init&gt;(project.Controller.Controller, javax.swing.JFrame, java.lang.String, java.lang.String, int, java.lang.String)&gt; gets field &lt;project.Model.Test.QuizPresenti&gt; in (SvolgiQuiz.java:254)&#10;Constructor &lt;project.GUI.SvolgiQuiz.&lt;init&gt;(project.Controller.Controller, javax.swing.JFrame, java.lang.String, java.lang.String, int, java.lang.String)&gt; gets field &lt;project.Model.Test.QuizPresenti&gt; in (SvolgiQuiz.java:260)&#10;Constructor &lt;project.GUI.SvolgiQuiz.&lt;init&gt;(project.Controller.Controller, javax.swing.JFrame, java.lang.String, java.lang.String, int, java.lang.String)&gt; gets field &lt;project.Model.Test.QuizPresenti&gt; in (SvolgiQuiz.java:264)&#10;Constructor &lt;project.GUI.SvolgiQuiz.&lt;init&gt;(project.Controller.Controller, javax.swing.JFrame, java.lang.String, java.lang.String, int, java.lang.String)&gt; gets field &lt;project.Model.Test.QuizPresenti&gt; in (SvolgiQuiz.java:282)&#10;Constructor &lt;project.GUI.SvolgiQuiz.&lt;init&gt;(project.Controller.Controller, javax.swing.JFrame, java.lang.String, java.lang.String, int, java.lang.String)&gt; gets field &lt;project.Model.Test.QuizPresenti&gt; in (SvolgiQuiz.java:283)&#10;Constructor &lt;project.GUI.ValutazioneRisposteAperteGUI.&lt;init&gt;(project.Controller.Controller, javax.swing.JFrame, java.lang.String, int)&gt; calls method &lt;project.Model.Utente.getCodiceFiscale()&gt; in (ValutazioneRisposteAperteGUI.java:134)&#10;Constructor &lt;project.GUI.ValutazioneRisposteAperteGUI.&lt;init&gt;(project.Controller.Controller, javax.swing.JFrame, java.lang.String, int)&gt; calls method &lt;project.Model.Utente.getCognome()&gt; in (ValutazioneRisposteAperteGUI.java:133)&#10;Constructor &lt;project.GUI.ValutazioneRisposteAperteGUI.&lt;init&gt;(project.Controller.Controller, javax.swing.JFrame, java.lang.String, int)&gt; calls method &lt;project.Model.Utente.getNome()&gt; in (ValutazioneRisposteAperteGUI.java:132)&#10;Constructor &lt;project.GUI.ValutazioneRisposteAperteGUI.&lt;init&gt;(project.Controller.Controller, javax.swing.JFrame, java.lang.String, int)&gt; gets field &lt;project.Model.ListaValutazioniAperte.Valutazioniaperte&gt; in (ValutazioneRisposteAperteGUI.java:192)&#10;Constructor &lt;project.GUI.ValutazioneRisposteAperteGUI.&lt;init&gt;(project.Controller.Controller, javax.swing.JFrame, java.lang.String, int)&gt; gets field &lt;project.Model.ListaValutazioniAperte.Valutazioniaperte&gt; in (ValutazioneRisposteAperteGUI.java:193)&#10;Constructor &lt;project.GUI.ValutazioneRisposteAperteGUI.&lt;init&gt;(project.Controller.Controller, javax.swing.JFrame, java.lang.String, int)&gt; gets field &lt;project.Model.ListaValutazioniAperte.Valutazioniaperte&gt; in (ValutazioneRisposteAperteGUI.java:196)&#10;Constructor &lt;project.GUI.ValutazioneRisposteAperteGUI.&lt;init&gt;(project.Controller.Controller, javax.swing.JFrame, java.lang.String, int)&gt; gets field &lt;project.Model.ListaValutazioniAperte.Valutazioniaperte&gt; in (ValutazioneRisposteAperteGUI.java:212)&#10;Constructor &lt;project.GUI.ValutazioneRisposteAperteGUI.&lt;init&gt;(project.Controller.Controller, javax.swing.JFrame, java.lang.String, int)&gt; gets field &lt;project.Model.ListaValutazioniAperte.Valutazioniaperte&gt; in (ValutazioneRisposteAperteGUI.java:224)&#10;Constructor &lt;project.GUI.ValutazioneRisposteAperteGUI.&lt;init&gt;(project.Controller.Controller, javax.swing.JFrame, java.lang.String, int)&gt; gets field &lt;project.Model.ListaValutazioniAperte.idRisultatoTest&gt; in (ValutazioneRisposteAperteGUI.java:154)&#10;Constructor &lt;project.GUI.ValutazioneRisposteAperteGUI.&lt;init&gt;(project.Controller.Controller, javax.swing.JFrame, java.lang.String, int)&gt; gets field &lt;project.Model.ListaValutazioniAperte.matricolaString&gt; in (ValutazioneRisposteAperteGUI.java:167)&#10;Constructor &lt;project.GUI.ValutazioneRisposteAperteGUI.&lt;init&gt;(project.Controller.Controller, javax.swing.JFrame, java.lang.String, int)&gt; gets field &lt;project.Model.Utente.ListaValutazioni&gt; in (ValutazioneRisposteAperteGUI.java:154)&#10;Constructor &lt;project.GUI.ValutazioneRisposteAperteGUI.&lt;init&gt;(project.Controller.Controller, javax.swing.JFrame, java.lang.String, int)&gt; gets field &lt;project.Model.Utente.ListaValutazioni&gt; in (ValutazioneRisposteAperteGUI.java:167)&#10;Constructor &lt;project.GUI.ValutazioneRisposteAperteGUI.&lt;init&gt;(project.Controller.Controller, javax.swing.JFrame, java.lang.String, int)&gt; gets field &lt;project.Model.Utente.ListaValutazioni&gt; in (ValutazioneRisposteAperteGUI.java:192)&#10;Constructor &lt;project.GUI.ValutazioneRisposteAperteGUI.&lt;init&gt;(project.Controller.Controller, javax.swing.JFrame, java.lang.String, int)&gt; gets field &lt;project.Model.Utente.ListaValutazioni&gt; in (ValutazioneRisposteAperteGUI.java:193)&#10;Constructor &lt;project.GUI.ValutazioneRisposteAperteGUI.&lt;init&gt;(project.Controller.Controller, javax.swing.JFrame, java.lang.String, int)&gt; gets field &lt;project.Model.Utente.ListaValutazioni&gt; in (ValutazioneRisposteAperteGUI.java:196)&#10;Constructor &lt;project.GUI.ValutazioneRisposteAperteGUI.&lt;init&gt;(project.Controller.Controller, javax.swing.JFrame, java.lang.String, int)&gt; gets field &lt;project.Model.Utente.ListaValutazioni&gt; in (ValutazioneRisposteAperteGUI.java:212)&#10;Constructor &lt;project.GUI.ValutazioneRisposteAperteGUI.&lt;init&gt;(project.Controller.Controller, javax.swing.JFrame, java.lang.String, int)&gt; gets field &lt;project.Model.Utente.ListaValutazioni&gt; in (ValutazioneRisposteAperteGUI.java:224)&#10;Constructor &lt;project.GUI.ValutazioneRisposteAperteGUI.&lt;init&gt;(project.Controller.Controller, javax.swing.JFrame, java.lang.String, int)&gt; gets field &lt;project.Model.ValutazioneAperta.MaxPunt&gt; in (ValutazioneRisposteAperteGUI.java:224)&#10;Constructor &lt;project.GUI.ValutazioneRisposteAperteGUI.&lt;init&gt;(project.Controller.Controller, javax.swing.JFrame, java.lang.String, int)&gt; gets field &lt;project.Model.ValutazioneAperta.MinPunt&gt; in (ValutazioneRisposteAperteGUI.java:224)&#10;Constructor &lt;project.GUI.ValutazioneRisposteAperteGUI.&lt;init&gt;(project.Controller.Controller, javax.swing.JFrame, java.lang.String, int)&gt; gets field &lt;project.Model.ValutazioneAperta.domandaInseritaString&gt; in (ValutazioneRisposteAperteGUI.java:212)&#10;Constructor &lt;project.GUI.ValutazioneRisposteAperteGUI.&lt;init&gt;(project.Controller.Controller, javax.swing.JFrame, java.lang.String, int)&gt; gets field &lt;project.Model.ValutazioneAperta.rispostaInseritaString&gt; in (ValutazioneRisposteAperteGUI.java:196)&#10;Field &lt;project.GUI.ControllaRisultatiQuiz.utenteRisultato&gt; has type &lt;project.Model.Utente&gt; in (ControllaRisultatiQuiz.java:0)&#10;Field &lt;project.GUI.SvolgiQuiz.provaTest&gt; has type &lt;project.Model.Test&gt; in (SvolgiQuiz.java:0)&#10;Field &lt;project.GUI.ValutazioneRisposteAperteGUI.utenteRisultato&gt; has type &lt;project.Model.Utente&gt; in (ValutazioneRisposteAperteGUI.java:0)&#10;Method &lt;project.Controller.Controller.AggiungiQuizAlDB(java.lang.String)&gt; calls constructor &lt;project.ImplementazionePostgresDAO.TestDaoImplementazionePostgres.&lt;init&gt;()&gt; in (Controller.java:138)&#10;Method &lt;project.Controller.Controller.AggiungiQuizAlDB(java.lang.String)&gt; calls constructor &lt;project.ImplementazionePostgresDAO.TestDaoImplementazionePostgres.&lt;init&gt;()&gt; in (Controller.java:148)&#10;Method &lt;project.Controller.Controller.AggiungiResultDaDB(java.lang.String)&gt; calls constructor &lt;project.ImplementazionePostgresDAO.RisultatoDaoImplementazionePostgres.&lt;init&gt;()&gt; in (Controller.java:260)&#10;Method &lt;project.Controller.Controller.AggiungiRipostaAlDB(java.lang.String, java.lang.String)&gt; calls constructor &lt;project.ImplementazionePostgresDAO.TestDaoImplementazionePostgres.&lt;init&gt;()&gt; in (Controller.java:154)&#10;Method &lt;project.Controller.Controller.AggiungiRisultatoTestalDB(java.lang.String, java.lang.String, java.lang.String)&gt; calls constructor &lt;project.ImplementazionePostgresDAO.RisultatoDaoImplementazionePostgres.&lt;init&gt;()&gt; in (Controller.java:241)&#10;Method &lt;project.Controller.Controller.AggiungiTestalDb()&gt; calls constructor &lt;project.ImplementazionePostgresDAO.TestDaoImplementazionePostgres.&lt;init&gt;()&gt; in (Controller.java:115)&#10;Method &lt;project.Controller.Controller.AggiungiTestalDb()&gt; calls constructor &lt;project.ImplementazionePostgresDAO.TestDaoImplementazionePostgres.&lt;init&gt;()&gt; in (Controller.java:125)&#10;Method &lt;project.Controller.Controller.AggiungiUtenteAlDB(java.lang.String, java.lang.String, java.lang.String, java.lang.String, java.lang.String, java.lang.String, java.lang.String, java.lang.String, java.lang.String, int, int, int)&gt; calls constructor &lt;project.ImplementazionePostgresDAO.RegisterDaoImplementazioneDAO.&lt;init&gt;()&gt; in (Controller.java:207)&#10;Method &lt;project.Controller.Controller.AggiungiValutazioneAlDB(java.lang.String, java.lang.String, java.lang.String, java.lang.String, java.lang.String, java.lang.String, java.lang.String, int)&gt; calls constructor &lt;project.ImplementazionePostgresDAO.RisultatoDaoImplementazionePostgres.&lt;init&gt;()&gt; in (Controller.java:247)&#10;Method &lt;project.Controller.Controller.AggiungiValutazioniAperteDaDB(java.lang.String)&gt; calls constructor &lt;project.ImplementazionePostgresDAO.RisultatoDaoImplementazionePostgres.&lt;init&gt;()&gt; in (Controller.java:294)&#10;Method &lt;project.Controller.Controller.CountNumeroValutazioniDacorreggere(java.lang.String)&gt; calls constructor &lt;project.ImplementazionePostgresDAO.RisultatoDaoImplementazionePostgres.&lt;init&gt;()&gt; in (Controller.java:280)&#10;Method &lt;project.Controller.Controller.CretionTestFromDB()&gt; calls constructor &lt;project.ImplementazionePostgresDAO.TestDaoImplementazionePostgres.&lt;init&gt;()&gt; in (Controller.java:184)&#10;Method &lt;project.Controller.Controller.RecuperaCDL([Ljava.lang.String;)&gt; calls constructor &lt;project.ImplementazionePostgresDAO.RegisterDaoImplementazioneDAO.&lt;init&gt;()&gt; in (Controller.java:202)&#10;Method &lt;project.Controller.Controller.RecuperaStudenteFromMatricola(java.lang.String)&gt; calls constructor &lt;project.ImplementazionePostgresDAO.RisultatoDaoImplementazionePostgres.&lt;init&gt;()&gt; in (Controller.java:317)&#10;Method &lt;project.Controller.Controller.Recuperadipartimenti([Ljava.lang.String;)&gt; calls constructor &lt;project.ImplementazionePostgresDAO.RegisterDaoImplementazioneDAO.&lt;init&gt;()&gt; in (Controller.java:95)&#10;Method &lt;project.Controller.Controller.ReturnNomeTestFromidResultTest(int)&gt; calls constructor &lt;project.ImplementazionePostgresDAO.RisultatoDaoImplementazionePostgres.&lt;init&gt;()&gt; in (Controller.java:273)&#10;Method &lt;project.Controller.Controller.ReturnNumberOfResult(java.lang.String)&gt; calls constructor &lt;project.ImplementazionePostgresDAO.RisultatoDaoImplementazionePostgres.&lt;init&gt;()&gt; in (Controller.java:266)&#10;Method &lt;project.Controller.Controller.UpdateValutazioniAperte(int, int)&gt; calls constructor &lt;project.ImplementazionePostgresDAO.RisultatoDaoImplementazionePostgres.&lt;init&gt;()&gt; in (Controller.java:299)&#10;Method &lt;project.Controller.Controller.UtenteDatabaseCreation(java.lang.String, java.lang.String)&gt; calls constructor &lt;project.ImplementazionePostgresDAO.UtenteImplementazioneDAO.&lt;init&gt;()&gt; in (Controller.java:219)&#10;Method &lt;project.Controller.Controller.VerificaUtente(java.lang.String, java.lang.String)&gt; calls constructor &lt;project.ImplementazionePostgresDAO.UtenteImplementazioneDAO.&lt;init&gt;()&gt; in (Controller.java:212)&#10;Method &lt;project.DAO.RisultatoDAO.RecuperaValutazioniDaDB(project.Model.Utente)&gt; has parameter of type &lt;project.Model.Utente&gt; in (RisultatoDAO.java:0)&#10;Method &lt;project.DAO.RisultatoDAO.ResulDaDb(project.Model.Utente)&gt; has parameter of type &lt;project.Model.Utente&gt; in (RisultatoDAO.java:0)&#10;Method &lt;project.DAO.RisultatoDAO.ResultDaDBAperta(project.Model.Utente)&gt; has parameter of type &lt;project.Model.Utente&gt; in (RisultatoDAO.java:0)&#10;Method &lt;project.DAO.TestDAO.CreaUtenti(java.util.ArrayList)&gt; has generic parameter type &lt;java.util.ArrayList&lt;project.Model.Utente&gt;&gt; with type argument depending on &lt;project.Model.Utente&gt; in (TestDAO.java:0)&#10;Method &lt;project.DAO.TestDAO.CreaUtenti(java.util.ArrayList)&gt; has generic return type &lt;java.util.ArrayList&lt;project.Model.Test&gt;&gt; with type argument depending on &lt;project.Model.Test&gt; in (TestDAO.java:0)&#10;Method &lt;project.DAO.UtenteDao.creaNuovoUtente(java.lang.String, java.lang.String)&gt; has return type &lt;project.Model.Utente&gt; in (UtenteDao.java:0)&#10;Method &lt;project.GUI.SvolgiQuiz$2.actionPerformed(java.awt.event.ActionEvent)&gt; calls method &lt;project.Model.Quiz.getTipologiaTest()&gt; in (SvolgiQuiz.java:309)&#10;Method &lt;project.GUI.SvolgiQuiz$2.actionPerformed(java.awt.event.ActionEvent)&gt; calls method &lt;project.Model.Quiz.getTipologiaTest()&gt; in (SvolgiQuiz.java:321)&#10;Method &lt;project.GUI.SvolgiQuiz$2.actionPerformed(java.awt.event.ActionEvent)&gt; calls method &lt;project.Model.Quiz.getTipologiaTest()&gt; in (SvolgiQuiz.java:339)&#10;Method &lt;project.GUI.SvolgiQuiz$2.actionPerformed(java.awt.event.ActionEvent)&gt; gets field &lt;project.Model.Quiz.Domande&gt; in (SvolgiQuiz.java:348)&#10;Method &lt;project.GUI.SvolgiQuiz$2.actionPerformed(java.awt.event.ActionEvent)&gt; gets field &lt;project.Model.Test.QuizPresenti&gt; in (SvolgiQuiz.java:307)&#10;Method &lt;project.GUI.SvolgiQuiz$2.actionPerformed(java.awt.event.ActionEvent)&gt; gets field &lt;project.Model.Test.QuizPresenti&gt; in (SvolgiQuiz.java:309)&#10;Method &lt;project.GUI.SvolgiQuiz$2.actionPerformed(java.awt.event.ActionEvent)&gt; gets field &lt;project.Model.Test.QuizPresenti&gt; in (SvolgiQuiz.java:321)&#10;Method &lt;project.GUI.SvolgiQuiz$2.actionPerformed(java.awt.event.ActionEvent)&gt; gets field &lt;project.Model.Test.QuizPresenti&gt; in (SvolgiQuiz.java:337)&#10;Method &lt;project.GUI.SvolgiQuiz$2.actionPerformed(java.awt.event.ActionEvent)&gt; gets field &lt;project.Model.Test.QuizPresenti&gt; in (SvolgiQuiz.java:339)&#10;Method &lt;project.GUI.SvolgiQuiz$2.actionPerformed(java.awt.event.ActionEvent)&gt; gets field &lt;project.Model.Test.QuizPresenti&gt; in (SvolgiQuiz.java:348)&#10;Method &lt;project.GUI.ValutazioneRisposteAperteGUI$2.actionPerformed(java.awt.event.ActionEvent)&gt; gets field &lt;project.Model.ListaValutazioniAperte.Valutazioniaperte&gt; in (ValutazioneRisposteAperteGUI.java:246)&#10;Method &lt;project.GUI.ValutazioneRisposteAperteGUI$2.actionPerformed(java.awt.event.ActionEvent)&gt; gets field &lt;project.Model.ListaValutazioniAperte.Valutazioniaperte&gt; in (ValutazioneRisposteAperteGUI.java:248)&#10;Method &lt;project.GUI.ValutazioneRisposteAperteGUI$2.actionPerformed(java.awt.event.ActionEvent)&gt; gets field &lt;project.Model.Utente.ListaValutazioni&gt; in (ValutazioneRisposteAperteGUI.java:246)&#10;Method &lt;project.GUI.ValutazioneRisposteAperteGUI$2.actionPerformed(java.awt.event.ActionEvent)&gt; gets field &lt;project.Model.Utente.ListaValutazioni&gt; in (ValutazioneRisposteAperteGUI.java:248)&#10;Method &lt;project.GUI.ValutazioneRisposteAperteGUI$2.actionPerformed(java.awt.event.ActionEvent)&gt; gets field &lt;project.Model.ValutazioneAperta.idvalutazioneApertaDB&gt; in (ValutazioneRisposteAperteGUI.java:248)&#10;Method &lt;project.ImplementazionePostgresDAO.RisultatoDaoImplementazionePostgres.RecuperaValutazioniDaDB(project.Model.Utente)&gt; calls constructor &lt;project.Model.ListaValutazioniAperte.&lt;init&gt;(java.lang.String, int)&gt; in (RisultatoDaoImplementazionePostgres.java:314)&#10;Method &lt;project.ImplementazionePostgresDAO.RisultatoDaoImplementazionePostgres.RecuperaValutazioniDaDB(project.Model.Utente)&gt; calls constructor &lt;project.Model.ValutazioneAperta.&lt;init&gt;(java.lang.String, int, int, int, int, java.lang.String)&gt; in (RisultatoDaoImplementazionePostgres.java:317)&#10;Method &lt;project.ImplementazionePostgresDAO.RisultatoDaoImplementazionePostgres.RecuperaValutazioniDaDB(project.Model.Utente)&gt; calls method &lt;project.Model.Utente.getCodiceFiscale()&gt; in (RisultatoDaoImplementazionePostgres.java:304)&#10;Method &lt;project.ImplementazionePostgresDAO.RisultatoDaoImplementazionePostgres.RecuperaValutazioniDaDB(project.Model.Utente)&gt; gets field &lt;project.Model.ListaValutazioniAperte.Valutazioniaperte&gt; in (RisultatoDaoImplementazionePostgres.java:317)&#10;Method &lt;project.ImplementazionePostgresDAO.RisultatoDaoImplementazionePostgres.RecuperaValutazioniDaDB(project.Model.Utente)&gt; gets field &lt;project.Model.Utente.ListaValutazioni&gt; in (RisultatoDaoImplementazionePostgres.java:314)&#10;Method &lt;project.ImplementazionePostgresDAO.RisultatoDaoImplementazionePostgres.RecuperaValutazioniDaDB(project.Model.Utente)&gt; gets field &lt;project.Model.Utente.ListaValutazioni&gt; in (RisultatoDaoImplementazionePostgres.java:317)&#10;Method &lt;project.ImplementazionePostgresDAO.RisultatoDaoImplementazionePostgres.RecuperaValutazioniDaDB(project.Model.Utente)&gt; has parameter of type &lt;project.Model.Utente&gt; in (RisultatoDaoImplementazionePostgres.java:0)&#10;Method &lt;project.ImplementazionePostgresDAO.RisultatoDaoImplementazionePostgres.ResulDaDb(project.Model.Utente)&gt; calls constructor &lt;project.Model.Data.&lt;init&gt;(int, int, int)&gt; in (RisultatoDaoImplementazionePostgres.java:189)&#10;Method &lt;project.ImplementazionePostgresDAO.RisultatoDaoImplementazionePostgres.ResulDaDb(project.Model.Utente)&gt; calls constructor &lt;project.Model.Data.&lt;init&gt;(int, int, int)&gt; in (RisultatoDaoImplementazionePostgres.java:215)&#10;Method &lt;project.ImplementazionePostgresDAO.RisultatoDaoImplementazionePostgres.ResulDaDb(project.Model.Utente)&gt; calls constructor &lt;project.Model.Domanda.&lt;init&gt;(java.lang.String, java.lang.String)&gt; in (RisultatoDaoImplementazionePostgres.java:194)&#10;Method &lt;project.ImplementazionePostgresDAO.RisultatoDaoImplementazionePostgres.ResulDaDb(project.Model.Utente)&gt; calls constructor &lt;project.Model.Domanda.&lt;init&gt;(java.lang.String, java.lang.String)&gt; in (RisultatoDaoImplementazionePostgres.java:200)&#10;Method &lt;project.ImplementazionePostgresDAO.RisultatoDaoImplementazionePostgres.ResulDaDb(project.Model.Utente)&gt; calls constructor &lt;project.Model.Domanda.&lt;init&gt;(java.lang.String, java.lang.String)&gt; in (RisultatoDaoImplementazionePostgres.java:220)&#10;Method &lt;project.ImplementazionePostgresDAO.RisultatoDaoImplementazionePostgres.ResulDaDb(project.Model.Utente)&gt; calls constructor &lt;project.Model.Domanda.&lt;init&gt;(java.lang.String, java.lang.String)&gt; in (RisultatoDaoImplementazionePostgres.java:226)&#10;Method &lt;project.ImplementazionePostgresDAO.RisultatoDaoImplementazionePostgres.ResulDaDb(project.Model.Utente)&gt; calls constructor &lt;project.Model.RisultatoTest.&lt;init&gt;(int, java.lang.String, project.Model.Data, int)&gt; in (RisultatoDaoImplementazionePostgres.java:189)&#10;Method &lt;project.ImplementazionePostgresDAO.RisultatoDaoImplementazionePostgres.ResulDaDb(project.Model.Utente)&gt; calls constructor &lt;project.Model.RisultatoTest.&lt;init&gt;(int, java.lang.String, project.Model.Data, int)&gt; in (RisultatoDaoImplementazionePostgres.java:215)&#10;Method &lt;project.ImplementazionePostgresDAO.RisultatoDaoImplementazionePostgres.ResulDaDb(project.Model.Utente)&gt; calls method &lt;project.Model.Utente.getCodiceFiscale()&gt; in (RisultatoDaoImplementazionePostgres.java:179)&#10;Method &lt;project.ImplementazionePostgresDAO.RisultatoDaoImplementazionePostgres.ResulDaDb(project.Model.Utente)&gt; gets field &lt;project.Model.RisultatoTest.DomandePresenti&gt; in (RisultatoDaoImplementazionePostgres.java:194)&#10;Method &lt;project.ImplementazionePostgresDAO.RisultatoDaoImplementazionePostgres.ResulDaDb(project.Model.Utente)&gt; gets field &lt;project.Model.RisultatoTest.DomandePresenti&gt; in (RisultatoDaoImplementazionePostgres.java:200)&#10;Method &lt;project.ImplementazionePostgresDAO.RisultatoDaoImplementazionePostgres.ResulDaDb(project.Model.Utente)&gt; gets field &lt;project.Model.RisultatoTest.DomandePresenti&gt; in (RisultatoDaoImplementazionePostgres.java:220)&#10;Method &lt;project.ImplementazionePostgresDAO.RisultatoDaoImplementazionePostgres.ResulDaDb(project.Model.Utente)&gt; gets field &lt;project.Model.RisultatoTest.DomandePresenti&gt; in (RisultatoDaoImplementazionePostgres.java:226)&#10;Method &lt;project.ImplementazionePostgresDAO.RisultatoDaoImplementazionePostgres.ResulDaDb(project.Model.Utente)&gt; gets field &lt;project.Model.RisultatoTest.idRisultatoTest&gt; in (RisultatoDaoImplementazionePostgres.java:190)&#10;Method &lt;project.ImplementazionePostgresDAO.RisultatoDaoImplementazionePostgres.ResulDaDb(project.Model.Utente)&gt; gets field &lt;project.Model.RisultatoTest.idRisultatoTest&gt; in (RisultatoDaoImplementazionePostgres.java:196)&#10;Method &lt;project.ImplementazionePostgresDAO.RisultatoDaoImplementazionePostgres.ResulDaDb(project.Model.Utente)&gt; gets field &lt;project.Model.RisultatoTest.idRisultatoTest&gt; in (RisultatoDaoImplementazionePostgres.java:208)&#10;Method &lt;project.ImplementazionePostgresDAO.RisultatoDaoImplementazionePostgres.ResulDaDb(project.Model.Utente)&gt; gets field &lt;project.Model.RisultatoTest.idRisultatoTest&gt; in (RisultatoDaoImplementazionePostgres.java:216)&#10;Method &lt;project.ImplementazionePostgresDAO.RisultatoDaoImplementazionePostgres.ResulDaDb(project.Model.Utente)&gt; gets field &lt;project.Model.RisultatoTest.idRisultatoTest&gt; in (RisultatoDaoImplementazionePostgres.java:222)&#10;Method &lt;project.ImplementazionePostgresDAO.RisultatoDaoImplementazionePostgres.ResulDaDb(project.Model.Utente)&gt; gets field &lt;project.Model.Utente.ListaRisultati&gt; in (RisultatoDaoImplementazionePostgres.java:187)&#10;Method &lt;project.ImplementazionePostgresDAO.RisultatoDaoImplementazionePostgres.ResulDaDb(project.Model.Utente)&gt; gets field &lt;project.Model.Utente.ListaRisultati&gt; in (RisultatoDaoImplementazionePostgres.java:189)&#10;Method &lt;project.ImplementazionePostgresDAO.RisultatoDaoImplementazionePostgres.ResulDaDb(project.Model.Utente)&gt; gets field &lt;project.Model.Utente.ListaRisultati&gt; in (RisultatoDaoImplementazionePostgres.java:190)&#10;Method &lt;project.ImplementazionePostgresDAO.RisultatoDaoImplementazionePostgres.ResulDaDb(project.Model.Utente)&gt; gets field &lt;project.Model.Utente.ListaRisultati&gt; in (RisultatoDaoImplementazionePostgres.java:194)&#10;Method &lt;project.ImplementazionePostgresDAO.RisultatoDaoImplementazionePostgres.ResulDaDb(project.Model.Utente)&gt; gets field &lt;project.Model.Utente.ListaRisultati&gt; in (RisultatoDaoImplementazionePostgres.java:196)&#10;Method &lt;project.ImplementazionePostgresDAO.RisultatoDaoImplementazionePostgres.ResulDaDb(project.Model.Utente)&gt; gets field &lt;project.Model.Utente.ListaRisultati&gt; in (RisultatoDaoImplementazionePostgres.java:200)&#10;Method &lt;project.ImplementazionePostgresDAO.RisultatoDaoImplementazionePostgres.ResulDaDb(project.Model.Utente)&gt; gets field &lt;project.Model.Utente.ListaRisultati&gt; in (RisultatoDaoImplementazionePostgres.java:206)&#10;Method &lt;project.ImplementazionePostgresDAO.RisultatoDaoImplementazionePostgres.ResulDaDb(project.Model.Utente)&gt; gets field &lt;project.Model.Utente.ListaRisultati&gt; in (RisultatoDaoImplementazionePostgres.java:208)&#10;Method &lt;project.ImplementazionePostgresDAO.RisultatoDaoImplementazionePostgres.ResulDaDb(project.Model.Utente)&gt; gets field &lt;project.Model.Utente.ListaRisultati&gt; in (RisultatoDaoImplementazionePostgres.java:215)&#10;Method &lt;project.ImplementazionePostgresDAO.RisultatoDaoImplementazionePostgres.ResulDaDb(project.Model.Utente)&gt; gets field &lt;project.Model.Utente.ListaRisultati&gt; in (RisultatoDaoImplementazionePostgres.java:216)&#10;Method &lt;project.ImplementazionePostgresDAO.RisultatoDaoImplementazionePostgres.ResulDaDb(project.Model.Utente)&gt; gets field &lt;project.Model.Utente.ListaRisultati&gt; in (RisultatoDaoImplementazionePostgres.java:220)&#10;Method &lt;project.ImplementazionePostgresDAO.RisultatoDaoImplementazionePostgres.ResulDaDb(project.Model.Utente)&gt; gets field &lt;project.Model.Utente.ListaRisultati&gt; in (RisultatoDaoImplementazionePostgres.java:222)&#10;Method &lt;project.ImplementazionePostgresDAO.RisultatoDaoImplementazionePostgres.ResulDaDb(project.Model.Utente)&gt; gets field &lt;project.Model.Utente.ListaRisultati&gt; in (RisultatoDaoImplementazionePostgres.java:226)&#10;Method &lt;project.ImplementazionePostgresDAO.RisultatoDaoImplementazionePostgres.ResulDaDb(project.Model.Utente)&gt; has parameter of type &lt;project.Model.Utente&gt; in (RisultatoDaoImplementazionePostgres.java:0)&#10;Method &lt;project.ImplementazionePostgresDAO.RisultatoDaoImplementazionePostgres.ResultDaDBAperta(project.Model.Utente)&gt; has parameter of type &lt;project.Model.Utente&gt; in (RisultatoDaoImplementazionePostgres.java:0)&#10;Method &lt;project.ImplementazionePostgresDAO.TestDaoImplementazionePostgres.CreaUtenti(java.util.ArrayList)&gt; calls constructor &lt;project.Model.Data.&lt;init&gt;(int, int, int)&gt; in (TestDaoImplementazionePostgres.java:74)&#10;Method &lt;project.ImplementazionePostgresDAO.TestDaoImplementazionePostgres.CreaUtenti(java.util.ArrayList)&gt; calls constructor &lt;project.Model.Data.&lt;init&gt;(int, int, int)&gt; in (TestDaoImplementazionePostgres.java:81)&#10;Method &lt;project.ImplementazionePostgresDAO.TestDaoImplementazionePostgres.CreaUtenti(java.util.ArrayList)&gt; calls constructor &lt;project.Model.Domanda.&lt;init&gt;(java.lang.String, java.lang.String)&gt; in (TestDaoImplementazionePostgres.java:105)&#10;Method &lt;project.ImplementazionePostgresDAO.TestDaoImplementazionePostgres.CreaUtenti(java.util.ArrayList)&gt; calls constructor &lt;project.Model.Domanda.&lt;init&gt;(java.lang.String, java.lang.String)&gt; in (TestDaoImplementazionePostgres.java:114)&#10;Method &lt;project.ImplementazionePostgresDAO.TestDaoImplementazionePostgres.CreaUtenti(java.util.ArrayList)&gt; calls constructor &lt;project.Model.Domanda.&lt;init&gt;(java.lang.String, java.lang.String)&gt; in (TestDaoImplementazionePostgres.java:123)&#10;Method &lt;project.ImplementazionePostgresDAO.TestDaoImplementazionePostgres.CreaUtenti(java.util.ArrayList)&gt; calls constructor &lt;project.Model.Domanda.&lt;init&gt;(java.lang.String, java.lang.String)&gt; in (TestDaoImplementazionePostgres.java:142)&#10;Method &lt;project.ImplementazionePostgresDAO.TestDaoImplementazionePostgres.CreaUtenti(java.util.ArrayList)&gt; calls constructor &lt;project.Model.Domanda.&lt;init&gt;(java.lang.String, java.lang.String)&gt; in (TestDaoImplementazionePostgres.java:148)&#10;Method &lt;project.ImplementazionePostgresDAO.TestDaoImplementazionePostgres.CreaUtenti(java.util.ArrayList)&gt; calls constructor &lt;project.Model.Domanda.&lt;init&gt;(java.lang.String, java.lang.String)&gt; in (TestDaoImplementazionePostgres.java:96)&#10;Method &lt;project.ImplementazionePostgresDAO.TestDaoImplementazionePostgres.CreaUtenti(java.util.ArrayList)&gt; calls constructor &lt;project.Model.Quiz.&lt;init&gt;(project.Model.Test)&gt; in (TestDaoImplementazionePostgres.java:112)&#10;Method &lt;project.ImplementazionePostgresDAO.TestDaoImplementazionePostgres.CreaUtenti(java.util.ArrayList)&gt; calls constructor &lt;project.Model.Quiz.&lt;init&gt;(project.Model.Test)&gt; in (TestDaoImplementazionePostgres.java:140)&#10;Method &lt;project.ImplementazionePostgresDAO.TestDaoImplementazionePostgres.CreaUtenti(java.util.ArrayList)&gt; calls constructor &lt;project.Model.Quiz.&lt;init&gt;(project.Model.Test)&gt; in (TestDaoImplementazionePostgres.java:146)&#10;Method &lt;project.ImplementazionePostgresDAO.TestDaoImplementazionePostgres.CreaUtenti(java.util.ArrayList)&gt; calls constructor &lt;project.Model.Quiz.&lt;init&gt;(project.Model.Test)&gt; in (TestDaoImplementazionePostgres.java:94)&#10;Method &lt;project.ImplementazionePostgresDAO.TestDaoImplementazionePostgres.CreaUtenti(java.util.ArrayList)&gt; calls constructor &lt;project.Model.Test.&lt;init&gt;(java.lang.String, project.Model.Utente, project.Model.Data)&gt; in (TestDaoImplementazionePostgres.java:81)&#10;Method &lt;project.ImplementazionePostgresDAO.TestDaoImplementazionePostgres.CreaUtenti(java.util.ArrayList)&gt; calls constructor &lt;project.Model.Utente.&lt;init&gt;(java.lang.String, java.lang.String, project.Model.Data, java.lang.String)&gt; in (TestDaoImplementazionePostgres.java:74)&#10;Method &lt;project.ImplementazionePostgresDAO.TestDaoImplementazionePostgres.CreaUtenti(java.util.ArrayList)&gt; calls method &lt;project.Model.Quiz.AddParametri(int, int, java.lang.String)&gt; in (TestDaoImplementazionePostgres.java:113)&#10;Method &lt;project.ImplementazionePostgresDAO.TestDaoImplementazionePostgres.CreaUtenti(java.util.ArrayList)&gt; calls method &lt;project.Model.Quiz.AddParametri(int, int, java.lang.String)&gt; in (TestDaoImplementazionePostgres.java:141)&#10;Method &lt;project.ImplementazionePostgresDAO.TestDaoImplementazionePostgres.CreaUtenti(java.util.ArrayList)&gt; calls method &lt;project.Model.Quiz.AddParametri(int, int, java.lang.String)&gt; in (TestDaoImplementazionePostgres.java:147)&#10;Method &lt;project.ImplementazionePostgresDAO.TestDaoImplementazionePostgres.CreaUtenti(java.util.ArrayList)&gt; calls method &lt;project.Model.Quiz.AddParametri(int, int, java.lang.String)&gt; in (TestDaoImplementazionePostgres.java:95)&#10;Method &lt;project.ImplementazionePostgresDAO.TestDaoImplementazionePostgres.CreaUtenti(java.util.ArrayList)&gt; calls method &lt;project.Model.Quiz.AggiungiDomanda(project.Model.Domanda)&gt; in (TestDaoImplementazionePostgres.java:105)&#10;Method &lt;project.ImplementazionePostgresDAO.TestDaoImplementazionePostgres.CreaUtenti(java.util.ArrayList)&gt; calls method &lt;project.Model.Quiz.AggiungiDomanda(project.Model.Domanda)&gt; in (TestDaoImplementazionePostgres.java:114)&#10;Method &lt;project.ImplementazionePostgresDAO.TestDaoImplementazionePostgres.CreaUtenti(java.util.ArrayList)&gt; calls method &lt;project.Model.Quiz.AggiungiDomanda(project.Model.Domanda)&gt; in (TestDaoImplementazionePostgres.java:123)&#10;Method &lt;project.ImplementazionePostgresDAO.TestDaoImplementazionePostgres.CreaUtenti(java.util.ArrayList)&gt; calls method &lt;project.Model.Quiz.AggiungiDomanda(project.Model.Domanda)&gt; in (TestDaoImplementazionePostgres.java:142)&#10;Method &lt;project.ImplementazionePostgresDAO.TestDaoImplementazionePostgres.CreaUtenti(java.util.ArrayList)&gt; calls method &lt;project.Model.Quiz.AggiungiDomanda(project.Model.Domanda)&gt; in (TestDaoImplementazionePostgres.java:148)&#10;Method &lt;project.ImplementazionePostgresDAO.TestDaoImplementazionePostgres.CreaUtenti(java.util.ArrayList)&gt; calls method &lt;project.Model.Quiz.AggiungiDomanda(project.Model.Domanda)&gt; in (TestDaoImplementazionePostgres.java:96)&#10;Method &lt;project.ImplementazionePostgresDAO.TestDaoImplementazionePostgres.CreaUtenti(java.util.ArrayList)&gt; calls method &lt;project.Model.Test.AddQuiz(project.Model.Quiz)&gt; in (TestDaoImplementazionePostgres.java:112)&#10;Method &lt;project.ImplementazionePostgresDAO.TestDaoImplementazionePostgres.CreaUtenti(java.util.ArrayList)&gt; calls method &lt;project.Model.Test.AddQuiz(project.Model.Quiz)&gt; in (TestDaoImplementazionePostgres.java:140)&#10;Method &lt;project.ImplementazionePostgresDAO.TestDaoImplementazionePostgres.CreaUtenti(java.util.ArrayList)&gt; calls method &lt;project.Model.Test.AddQuiz(project.Model.Quiz)&gt; in (TestDaoImplementazionePostgres.java:146)&#10;Method &lt;project.ImplementazionePostgresDAO.TestDaoImplementazionePostgres.CreaUtenti(java.util.ArrayList)&gt; calls method &lt;project.Model.Test.AddQuiz(project.Model.Quiz)&gt; in (TestDaoImplementazionePostgres.java:94)&#10;Method &lt;project.ImplementazionePostgresDAO.TestDaoImplementazionePostgres.CreaUtenti(java.util.ArrayList)&gt; calls method &lt;project.Model.Utente.getCodiceFiscale()&gt; in (TestDaoImplementazionePostgres.java:60)&#10;Method &lt;project.ImplementazionePostgresDAO.TestDaoImplementazionePostgres.CreaUtenti(java.util.ArrayList)&gt; gets field &lt;project.Model.Test.QuizPresenti&gt; in (TestDaoImplementazionePostgres.java:105)&#10;Method &lt;project.ImplementazionePostgresDAO.TestDaoImplementazionePostgres.CreaUtenti(java.util.ArrayList)&gt; gets field &lt;project.Model.Test.QuizPresenti&gt; in (TestDaoImplementazionePostgres.java:113)&#10;Method &lt;project.ImplementazionePostgresDAO.TestDaoImplementazionePostgres.CreaUtenti(java.util.ArrayList)&gt; gets field &lt;project.Model.Test.QuizPresenti&gt; in (TestDaoImplementazionePostgres.java:114)&#10;Method &lt;project.ImplementazionePostgresDAO.TestDaoImplementazionePostgres.CreaUtenti(java.util.ArrayList)&gt; gets field &lt;project.Model.Test.QuizPresenti&gt; in (TestDaoImplementazionePostgres.java:123)&#10;Method &lt;project.ImplementazionePostgresDAO.TestDaoImplementazionePostgres.CreaUtenti(java.util.ArrayList)&gt; gets field &lt;project.Model.Test.QuizPresenti&gt; in (TestDaoImplementazionePostgres.java:141)&#10;Method &lt;project.ImplementazionePostgresDAO.TestDaoImplementazionePostgres.CreaUtenti(java.util.ArrayList)&gt; gets field &lt;project.Model.Test.QuizPresenti&gt; in (TestDaoImplementazionePostgres.java:142)&#10;Method &lt;project.ImplementazionePostgresDAO.TestDaoImplementazionePostgres.CreaUtenti(java.util.ArrayList)&gt; gets field &lt;project.Model.Test.QuizPresenti&gt; in (TestDaoImplementazionePostgres.java:147)&#10;Method &lt;project.ImplementazionePostgresDAO.TestDaoImplementazionePostgres.CreaUtenti(java.util.ArrayList)&gt; gets field &lt;project.Model.Test.QuizPresenti&gt; in (TestDaoImplementazionePostgres.java:148)&#10;Method &lt;project.ImplementazionePostgresDAO.TestDaoImplementazionePostgres.CreaUtenti(java.util.ArrayList)&gt; gets field &lt;project.Model.Test.QuizPresenti&gt; in (TestDaoImplementazionePostgres.java:95)&#10;Method &lt;project.ImplementazionePostgresDAO.TestDaoImplementazionePostgres.CreaUtenti(java.util.ArrayList)&gt; gets field &lt;project.Model.Test.QuizPresenti&gt; in (TestDaoImplementazionePostgres.java:96)&#10;Method &lt;project.ImplementazionePostgresDAO.TestDaoImplementazionePostgres.CreaUtenti(java.util.ArrayList)&gt; has generic parameter type &lt;java.util.ArrayList&lt;project.Model.Utente&gt;&gt; with type argument depending on &lt;project.Model.Utente&gt; in (TestDaoImplementazionePostgres.java:0)&#10;Method &lt;project.ImplementazionePostgresDAO.TestDaoImplementazionePostgres.CreaUtenti(java.util.ArrayList)&gt; has generic return type &lt;java.util.ArrayList&lt;project.Model.Test&gt;&gt; with type argument depending on &lt;project.Model.Test&gt; in (TestDaoImplementazionePostgres.java:0)&#10;Method &lt;project.ImplementazionePostgresDAO.UtenteImplementazioneDAO.creaNuovoUtente(java.lang.String, java.lang.String)&gt; calls constructor &lt;project.Model.Data.&lt;init&gt;(int, int, int)&gt; in (UtenteImplementazioneDAO.java:103)&#10;Method &lt;project.ImplementazionePostgresDAO.UtenteImplementazioneDAO.creaNuovoUtente(java.lang.String, java.lang.String)&gt; calls constructor &lt;project.Model.Utente.&lt;init&gt;(java.lang.String, java.lang.String, project.Model.Data, java.lang.String)&gt; in (UtenteImplementazioneDAO.java:103)&#10;Method &lt;project.ImplementazionePostgresDAO.UtenteImplementazioneDAO.creaNuovoUtente(java.lang.String, java.lang.String)&gt; has return type &lt;project.Model.Utente&gt; in (UtenteImplementazioneDAO.java:0)" type="java.lang.AssertionError"><![CDATA[java.lang.AssertionError: Architecture Violation [Priority: MEDIUM] - Rule 'Layered architecture consisting of
layer 'Boundaries' ('project.GUI..')
layer 'Controls' ('project.Controller..')
layer 'Entities' ('project.Model..')
layer 'Database' ('project.ImplementazionePostgresDAO..')
where layer 'Boundaries' may not be accessed by any layer
where layer 'Controls' may only be accessed by layers ['Boundaries']
where layer 'Entities' may only be accessed by layers ['Controls']
where layer 'Database' may only be accessed by layers ['Entities']' was violated (189 times):
Constructor <project.GUI.ControllaRisultatiQuiz.<init>(project.Controller.Controller, javax.swing.JFrame, java.lang.String, int)> calls method <project.Model.Utente.getCodiceFiscale()> in (ControllaRisultatiQuiz.java:130)
Constructor <project.GUI.ControllaRisultatiQuiz.<init>(project.Controller.Controller, javax.swing.JFrame, java.lang.String, int)> calls method <project.Model.Utente.getCognome()> in (ControllaRisultatiQuiz.java:129)
Constructor <project.GUI.ControllaRisultatiQuiz.<init>(project.Controller.Controller, javax.swing.JFrame, java.lang.String, int)> calls method <project.Model.Utente.getNome()> in (ControllaRisultatiQuiz.java:128)
Constructor <project.GUI.ControllaRisultatiQuiz.<init>(project.Controller.Controller, javax.swing.JFrame, java.lang.String, int)> gets field <project.Model.Domanda.Domanda> in (ControllaRisultatiQuiz.java:194)
Constructor <project.GUI.ControllaRisultatiQuiz.<init>(project.Controller.Controller, javax.swing.JFrame, java.lang.String, int)> gets field <project.Model.Domanda.Riposta> in (ControllaRisultatiQuiz.java:195)
Constructor <project.GUI.ControllaRisultatiQuiz.<init>(project.Controller.Controller, javax.swing.JFrame, java.lang.String, int)> gets field <project.Model.RisultatoTest.DomandePresenti> in (ControllaRisultatiQuiz.java:189)
Constructor <project.GUI.ControllaRisultatiQuiz.<init>(project.Controller.Controller, javax.swing.JFrame, java.lang.String, int)> gets field <project.Model.RisultatoTest.DomandePresenti> in (ControllaRisultatiQuiz.java:194)
Constructor <project.GUI.ControllaRisultatiQuiz.<init>(project.Controller.Controller, javax.swing.JFrame, java.lang.String, int)> gets field <project.Model.RisultatoTest.DomandePresenti> in (ControllaRisultatiQuiz.java:195)
Constructor <project.GUI.ControllaRisultatiQuiz.<init>(project.Controller.Controller, javax.swing.JFrame, java.lang.String, int)> gets field <project.Model.RisultatoTest.DomandePresenti> in (ControllaRisultatiQuiz.java:199)
Constructor <project.GUI.ControllaRisultatiQuiz.<init>(project.Controller.Controller, javax.swing.JFrame, java.lang.String, int)> gets field <project.Model.RisultatoTest.DomandePresenti> in (ControllaRisultatiQuiz.java:200)
Constructor <project.GUI.ControllaRisultatiQuiz.<init>(project.Controller.Controller, javax.swing.JFrame, java.lang.String, int)> gets field <project.Model.RisultatoTest.idRisultatoTest> in (ControllaRisultatiQuiz.java:150)
Constructor <project.GUI.ControllaRisultatiQuiz.<init>(project.Controller.Controller, javax.swing.JFrame, java.lang.String, int)> gets field <project.Model.RisultatoTest.punteggioOttenuto> in (ControllaRisultatiQuiz.java:174)
Constructor <project.GUI.ControllaRisultatiQuiz.<init>(project.Controller.Controller, javax.swing.JFrame, java.lang.String, int)> gets field <project.Model.Utente.ListaRisultati> in (ControllaRisultatiQuiz.java:150)
Constructor <project.GUI.ControllaRisultatiQuiz.<init>(project.Controller.Controller, javax.swing.JFrame, java.lang.String, int)> gets field <project.Model.Utente.ListaRisultati> in (ControllaRisultatiQuiz.java:174)
Constructor <project.GUI.ControllaRisultatiQuiz.<init>(project.Controller.Controller, javax.swing.JFrame, java.lang.String, int)> gets field <project.Model.Utente.ListaRisultati> in (ControllaRisultatiQuiz.java:189)
Constructor <project.GUI.ControllaRisultatiQuiz.<init>(project.Controller.Controller, javax.swing.JFrame, java.lang.String, int)> gets field <project.Model.Utente.ListaRisultati> in (ControllaRisultatiQuiz.java:194)
Constructor <project.GUI.ControllaRisultatiQuiz.<init>(project.Controller.Controller, javax.swing.JFrame, java.lang.String, int)> gets field <project.Model.Utente.ListaRisultati> in (ControllaRisultatiQuiz.java:195)
Constructor <project.GUI.ControllaRisultatiQuiz.<init>(project.Controller.Controller, javax.swing.JFrame, java.lang.String, int)> gets field <project.Model.Utente.ListaRisultati> in (ControllaRisultatiQuiz.java:199)
Constructor <project.GUI.ControllaRisultatiQuiz.<init>(project.Controller.Controller, javax.swing.JFrame, java.lang.String, int)> gets field <project.Model.Utente.ListaRisultati> in (ControllaRisultatiQuiz.java:200)
Constructor <project.GUI.SvolgiQuiz.<init>(project.Controller.Controller, javax.swing.JFrame, java.lang.String, java.lang.String, int, java.lang.String)> calls method <project.Model.Quiz.getTipologiaTest()> in (SvolgiQuiz.java:200)
Constructor <project.GUI.SvolgiQuiz.<init>(project.Controller.Controller, javax.swing.JFrame, java.lang.String, java.lang.String, int, java.lang.String)> gets field <project.Model.Domanda.Domanda> in (SvolgiQuiz.java:206)
Constructor <project.GUI.SvolgiQuiz.<init>(project.Controller.Controller, javax.swing.JFrame, java.lang.String, java.lang.String, int, java.lang.String)> gets field <project.Model.Domanda.Domanda> in (SvolgiQuiz.java:237)
Constructor <project.GUI.SvolgiQuiz.<init>(project.Controller.Controller, javax.swing.JFrame, java.lang.String, java.lang.String, int, java.lang.String)> gets field <project.Model.Domanda.Domanda> in (SvolgiQuiz.java:260)
Constructor <project.GUI.SvolgiQuiz.<init>(project.Controller.Controller, javax.swing.JFrame, java.lang.String, java.lang.String, int, java.lang.String)> gets field <project.Model.Domanda.Riposta> in (SvolgiQuiz.java:264)
Constructor <project.GUI.SvolgiQuiz.<init>(project.Controller.Controller, javax.swing.JFrame, java.lang.String, java.lang.String, int, java.lang.String)> gets field <project.Model.Quiz.Domande> in (SvolgiQuiz.java:206)
Constructor <project.GUI.SvolgiQuiz.<init>(project.Controller.Controller, javax.swing.JFrame, java.lang.String, java.lang.String, int, java.lang.String)> gets field <project.Model.Quiz.Domande> in (SvolgiQuiz.java:237)
Constructor <project.GUI.SvolgiQuiz.<init>(project.Controller.Controller, javax.swing.JFrame, java.lang.String, java.lang.String, int, java.lang.String)> gets field <project.Model.Quiz.Domande> in (SvolgiQuiz.java:254)
Constructor <project.GUI.SvolgiQuiz.<init>(project.Controller.Controller, javax.swing.JFrame, java.lang.String, java.lang.String, int, java.lang.String)> gets field <project.Model.Quiz.Domande> in (SvolgiQuiz.java:260)
Constructor <project.GUI.SvolgiQuiz.<init>(project.Controller.Controller, javax.swing.JFrame, java.lang.String, java.lang.String, int, java.lang.String)> gets field <project.Model.Quiz.Domande> in (SvolgiQuiz.java:264)
Constructor <project.GUI.SvolgiQuiz.<init>(project.Controller.Controller, javax.swing.JFrame, java.lang.String, java.lang.String, int, java.lang.String)> gets field <project.Model.Test.QuizPresenti> in (SvolgiQuiz.java:198)
Constructor <project.GUI.SvolgiQuiz.<init>(project.Controller.Controller, javax.swing.JFrame, java.lang.String, java.lang.String, int, java.lang.String)> gets field <project.Model.Test.QuizPresenti> in (SvolgiQuiz.java:200)
Constructor <project.GUI.SvolgiQuiz.<init>(project.Controller.Controller, javax.swing.JFrame, java.lang.String, java.lang.String, int, java.lang.String)> gets field <project.Model.Test.QuizPresenti> in (SvolgiQuiz.java:206)
Constructor <project.GUI.SvolgiQuiz.<init>(project.Controller.Controller, javax.swing.JFrame, java.lang.String, java.lang.String, int, java.lang.String)> gets field <project.Model.Test.QuizPresenti> in (SvolgiQuiz.java:229)
Constructor <project.GUI.SvolgiQuiz.<init>(project.Controller.Controller, javax.swing.JFrame, java.lang.String, java.lang.String, int, java.lang.String)> gets field <project.Model.Test.QuizPresenti> in (SvolgiQuiz.java:230)
Constructor <project.GUI.SvolgiQuiz.<init>(project.Controller.Controller, javax.swing.JFrame, java.lang.String, java.lang.String, int, java.lang.String)> gets field <project.Model.Test.QuizPresenti> in (SvolgiQuiz.java:237)
Constructor <project.GUI.SvolgiQuiz.<init>(project.Controller.Controller, javax.swing.JFrame, java.lang.String, java.lang.String, int, java.lang.String)> gets field <project.Model.Test.QuizPresenti> in (SvolgiQuiz.java:254)
Constructor <project.GUI.SvolgiQuiz.<init>(project.Controller.Controller, javax.swing.JFrame, java.lang.String, java.lang.String, int, java.lang.String)> gets field <project.Model.Test.QuizPresenti> in (SvolgiQuiz.java:260)
Constructor <project.GUI.SvolgiQuiz.<init>(project.Controller.Controller, javax.swing.JFrame, java.lang.String, java.lang.String, int, java.lang.String)> gets field <project.Model.Test.QuizPresenti> in (SvolgiQuiz.java:264)
Constructor <project.GUI.SvolgiQuiz.<init>(project.Controller.Controller, javax.swing.JFrame, java.lang.String, java.lang.String, int, java.lang.String)> gets field <project.Model.Test.QuizPresenti> in (SvolgiQuiz.java:282)
Constructor <project.GUI.SvolgiQuiz.<init>(project.Controller.Controller, javax.swing.JFrame, java.lang.String, java.lang.String, int, java.lang.String)> gets field <project.Model.Test.QuizPresenti> in (SvolgiQuiz.java:283)
Constructor <project.GUI.ValutazioneRisposteAperteGUI.<init>(project.Controller.Controller, javax.swing.JFrame, java.lang.String, int)> calls method <project.Model.Utente.getCodiceFiscale()> in (ValutazioneRisposteAperteGUI.java:134)
Constructor <project.GUI.ValutazioneRisposteAperteGUI.<init>(project.Controller.Controller, javax.swing.JFrame, java.lang.String, int)> calls method <project.Model.Utente.getCognome()> in (ValutazioneRisposteAperteGUI.java:133)
Constructor <project.GUI.ValutazioneRisposteAperteGUI.<init>(project.Controller.Controller, javax.swing.JFrame, java.lang.String, int)> calls method <project.Model.Utente.getNome()> in (ValutazioneRisposteAperteGUI.java:132)
Constructor <project.GUI.ValutazioneRisposteAperteGUI.<init>(project.Controller.Controller, javax.swing.JFrame, java.lang.String, int)> gets field <project.Model.ListaValutazioniAperte.Valutazioniaperte> in (ValutazioneRisposteAperteGUI.java:192)
Constructor <project.GUI.ValutazioneRisposteAperteGUI.<init>(project.Controller.Controller, javax.swing.JFrame, java.lang.String, int)> gets field <project.Model.ListaValutazioniAperte.Valutazioniaperte> in (ValutazioneRisposteAperteGUI.java:193)
Constructor <project.GUI.ValutazioneRisposteAperteGUI.<init>(project.Controller.Controller, javax.swing.JFrame, java.lang.String, int)> gets field <project.Model.ListaValutazioniAperte.Valutazioniaperte> in (ValutazioneRisposteAperteGUI.java:196)
Constructor <project.GUI.ValutazioneRisposteAperteGUI.<init>(project.Controller.Controller, javax.swing.JFrame, java.lang.String, int)> gets field <project.Model.ListaValutazioniAperte.Valutazioniaperte> in (ValutazioneRisposteAperteGUI.java:212)
Constructor <project.GUI.ValutazioneRisposteAperteGUI.<init>(project.Controller.Controller, javax.swing.JFrame, java.lang.String, int)> gets field <project.Model.ListaValutazioniAperte.Valutazioniaperte> in (ValutazioneRisposteAperteGUI.java:224)
Constructor <project.GUI.ValutazioneRisposteAperteGUI.<init>(project.Controller.Controller, javax.swing.JFrame, java.lang.String, int)> gets field <project.Model.ListaValutazioniAperte.idRisultatoTest> in (ValutazioneRisposteAperteGUI.java:154)
Constructor <project.GUI.ValutazioneRisposteAperteGUI.<init>(project.Controller.Controller, javax.swing.JFrame, java.lang.String, int)> gets field <project.Model.ListaValutazioniAperte.matricolaString> in (ValutazioneRisposteAperteGUI.java:167)
Constructor <project.GUI.ValutazioneRisposteAperteGUI.<init>(project.Controller.Controller, javax.swing.JFrame, java.lang.String, int)> gets field <project.Model.Utente.ListaValutazioni> in (ValutazioneRisposteAperteGUI.java:154)
Constructor <project.GUI.ValutazioneRisposteAperteGUI.<init>(project.Controller.Controller, javax.swing.JFrame, java.lang.String, int)> gets field <project.Model.Utente.ListaValutazioni> in (ValutazioneRisposteAperteGUI.java:167)
Constructor <project.GUI.ValutazioneRisposteAperteGUI.<init>(project.Controller.Controller, javax.swing.JFrame, java.lang.String, int)> gets field <project.Model.Utente.ListaValutazioni> in (ValutazioneRisposteAperteGUI.java:192)
Constructor <project.GUI.ValutazioneRisposteAperteGUI.<init>(project.Controller.Controller, javax.swing.JFrame, java.lang.String, int)> gets field <project.Model.Utente.ListaValutazioni> in (ValutazioneRisposteAperteGUI.java:193)
Constructor <project.GUI.ValutazioneRisposteAperteGUI.<init>(project.Controller.Controller, javax.swing.JFrame, java.lang.String, int)> gets field <project.Model.Utente.ListaValutazioni> in (ValutazioneRisposteAperteGUI.java:196)
Constructor <project.GUI.ValutazioneRisposteAperteGUI.<init>(project.Controller.Controller, javax.swing.JFrame, java.lang.String, int)> gets field <project.Model.Utente.ListaValutazioni> in (ValutazioneRisposteAperteGUI.java:212)
Constructor <project.GUI.ValutazioneRisposteAperteGUI.<init>(project.Controller.Controller, javax.swing.JFrame, java.lang.String, int)> gets field <project.Model.Utente.ListaValutazioni> in (ValutazioneRisposteAperteGUI.java:224)
Constructor <project.GUI.ValutazioneRisposteAperteGUI.<init>(project.Controller.Controller, javax.swing.JFrame, java.lang.String, int)> gets field <project.Model.ValutazioneAperta.MaxPunt> in (ValutazioneRisposteAperteGUI.java:224)
Constructor <project.GUI.ValutazioneRisposteAperteGUI.<init>(project.Controller.Controller, javax.swing.JFrame, java.lang.String, int)> gets field <project.Model.ValutazioneAperta.MinPunt> in (ValutazioneRisposteAperteGUI.java:224)
Constructor <project.GUI.ValutazioneRisposteAperteGUI.<init>(project.Controller.Controller, javax.swing.JFrame, java.lang.String, int)> gets field <project.Model.ValutazioneAperta.domandaInseritaString> in (ValutazioneRisposteAperteGUI.java:212)
Constructor <project.GUI.ValutazioneRisposteAperteGUI.<init>(project.Controller.Controller, javax.swing.JFrame, java.lang.String, int)> gets field <project.Model.ValutazioneAperta.rispostaInseritaString> in (ValutazioneRisposteAperteGUI.java:196)
Field <project.GUI.ControllaRisultatiQuiz.utenteRisultato> has type <project.Model.Utente> in (ControllaRisultatiQuiz.java:0)
Field <project.GUI.SvolgiQuiz.provaTest> has type <project.Model.Test> in (SvolgiQuiz.java:0)
Field <project.GUI.ValutazioneRisposteAperteGUI.utenteRisultato> has type <project.Model.Utente> in (ValutazioneRisposteAperteGUI.java:0)
Method <project.Controller.Controller.AggiungiQuizAlDB(java.lang.String)> calls constructor <project.ImplementazionePostgresDAO.TestDaoImplementazionePostgres.<init>()> in (Controller.java:138)
Method <project.Controller.Controller.AggiungiQuizAlDB(java.lang.String)> calls constructor <project.ImplementazionePostgresDAO.TestDaoImplementazionePostgres.<init>()> in (Controller.java:148)
Method <project.Controller.Controller.AggiungiResultDaDB(java.lang.String)> calls constructor <project.ImplementazionePostgresDAO.RisultatoDaoImplementazionePostgres.<init>()> in (Controller.java:260)
Method <project.Controller.Controller.AggiungiRipostaAlDB(java.lang.String, java.lang.String)> calls constructor <project.ImplementazionePostgresDAO.TestDaoImplementazionePostgres.<init>()> in (Controller.java:154)
Method <project.Controller.Controller.AggiungiRisultatoTestalDB(java.lang.String, java.lang.String, java.lang.String)> calls constructor <project.ImplementazionePostgresDAO.RisultatoDaoImplementazionePostgres.<init>()> in (Controller.java:241)
Method <project.Controller.Controller.AggiungiTestalDb()> calls constructor <project.ImplementazionePostgresDAO.TestDaoImplementazionePostgres.<init>()> in (Controller.java:115)
Method <project.Controller.Controller.AggiungiTestalDb()> calls constructor <project.ImplementazionePostgresDAO.TestDaoImplementazionePostgres.<init>()> in (Controller.java:125)
Method <project.Controller.Controller.AggiungiUtenteAlDB(java.lang.String, java.lang.String, java.lang.String, java.lang.String, java.lang.String, java.lang.String, java.lang.String, java.lang.String, java.lang.String, int, int, int)> calls constructor <project.ImplementazionePostgresDAO.RegisterDaoImplementazioneDAO.<init>()> in (Controller.java:207)
Method <project.Controller.Controller.AggiungiValutazioneAlDB(java.lang.String, java.lang.String, java.lang.String, java.lang.String, java.lang.String, java.lang.String, java.lang.String, int)> calls constructor <project.ImplementazionePostgresDAO.RisultatoDaoImplementazionePostgres.<init>()> in (Controller.java:247)
Method <project.Controller.Controller.AggiungiValutazioniAperteDaDB(java.lang.String)> calls constructor <project.ImplementazionePostgresDAO.RisultatoDaoImplementazionePostgres.<init>()> in (Controller.java:294)
Method <project.Controller.Controller.CountNumeroValutazioniDacorreggere(java.lang.String)> calls constructor <project.ImplementazionePostgresDAO.RisultatoDaoImplementazionePostgres.<init>()> in (Controller.java:280)
Method <project.Controller.Controller.CretionTestFromDB()> calls constructor <project.ImplementazionePostgresDAO.TestDaoImplementazionePostgres.<init>()> in (Controller.java:184)
Method <project.Controller.Controller.RecuperaCDL([Ljava.lang.String;)> calls constructor <project.ImplementazionePostgresDAO.RegisterDaoImplementazioneDAO.<init>()> in (Controller.java:202)
Method <project.Controller.Controller.RecuperaStudenteFromMatricola(java.lang.String)> calls constructor <project.ImplementazionePostgresDAO.RisultatoDaoImplementazionePostgres.<init>()> in (Controller.java:317)
Method <project.Controller.Controller.Recuperadipartimenti([Ljava.lang.String;)> calls constructor <project.ImplementazionePostgresDAO.RegisterDaoImplementazioneDAO.<init>()> in (Controller.java:95)
Method <project.Controller.Controller.ReturnNomeTestFromidResultTest(int)> calls constructor <project.ImplementazionePostgresDAO.RisultatoDaoImplementazionePostgres.<init>()> in (Controller.java:273)
Method <project.Controller.Controller.ReturnNumberOfResult(java.lang.String)> calls constructor <project.ImplementazionePostgresDAO.RisultatoDaoImplementazionePostgres.<init>()> in (Controller.java:266)
Method <project.Controller.Controller.UpdateValutazioniAperte(int, int)> calls constructor <project.ImplementazionePostgresDAO.RisultatoDaoImplementazionePostgres.<init>()> in (Controller.java:299)
Method <project.Controller.Controller.UtenteDatabaseCreation(java.lang.String, java.lang.String)> calls constructor <project.ImplementazionePostgresDAO.UtenteImplementazioneDAO.<init>()> in (Controller.java:219)
Method <project.Controller.Controller.VerificaUtente(java.lang.String, java.lang.String)> calls constructor <project.ImplementazionePostgresDAO.UtenteImplementazioneDAO.<init>()> in (Controller.java:212)
Method <project.DAO.RisultatoDAO.RecuperaValutazioniDaDB(project.Model.Utente)> has parameter of type <project.Model.Utente> in (RisultatoDAO.java:0)
Method <project.DAO.RisultatoDAO.ResulDaDb(project.Model.Utente)> has parameter of type <project.Model.Utente> in (RisultatoDAO.java:0)
Method <project.DAO.RisultatoDAO.ResultDaDBAperta(project.Model.Utente)> has parameter of type <project.Model.Utente> in (RisultatoDAO.java:0)
Method <project.DAO.TestDAO.CreaUtenti(java.util.ArrayList)> has generic parameter type <java.util.ArrayList<project.Model.Utente>> with type argument depending on <project.Model.Utente> in (TestDAO.java:0)
Method <project.DAO.TestDAO.CreaUtenti(java.util.ArrayList)> has generic return type <java.util.ArrayList<project.Model.Test>> with type argument depending on <project.Model.Test> in (TestDAO.java:0)
Method <project.DAO.UtenteDao.creaNuovoUtente(java.lang.String, java.lang.String)> has return type <project.Model.Utente> in (UtenteDao.java:0)
Method <project.GUI.SvolgiQuiz$2.actionPerformed(java.awt.event.ActionEvent)> calls method <project.Model.Quiz.getTipologiaTest()> in (SvolgiQuiz.java:309)
Method <project.GUI.SvolgiQuiz$2.actionPerformed(java.awt.event.ActionEvent)> calls method <project.Model.Quiz.getTipologiaTest()> in (SvolgiQuiz.java:321)
Method <project.GUI.SvolgiQuiz$2.actionPerformed(java.awt.event.ActionEvent)> calls method <project.Model.Quiz.getTipologiaTest()> in (SvolgiQuiz.java:339)
Method <project.GUI.SvolgiQuiz$2.actionPerformed(java.awt.event.ActionEvent)> gets field <project.Model.Quiz.Domande> in (SvolgiQuiz.java:348)
Method <project.GUI.SvolgiQuiz$2.actionPerformed(java.awt.event.ActionEvent)> gets field <project.Model.Test.QuizPresenti> in (SvolgiQuiz.java:307)
Method <project.GUI.SvolgiQuiz$2.actionPerformed(java.awt.event.ActionEvent)> gets field <project.Model.Test.QuizPresenti> in (SvolgiQuiz.java:309)
Method <project.GUI.SvolgiQuiz$2.actionPerformed(java.awt.event.ActionEvent)> gets field <project.Model.Test.QuizPresenti> in (SvolgiQuiz.java:321)
Method <project.GUI.SvolgiQuiz$2.actionPerformed(java.awt.event.ActionEvent)> gets field <project.Model.Test.QuizPresenti> in (SvolgiQuiz.java:337)
Method <project.GUI.SvolgiQuiz$2.actionPerformed(java.awt.event.ActionEvent)> gets field <project.Model.Test.QuizPresenti> in (SvolgiQuiz.java:339)
Method <project.GUI.SvolgiQuiz$2.actionPerformed(java.awt.event.ActionEvent)> gets field <project.Model.Test.QuizPresenti> in (SvolgiQuiz.java:348)
Method <project.GUI.ValutazioneRisposteAperteGUI$2.actionPerformed(java.awt.event.ActionEvent)> gets field <project.Model.ListaValutazioniAperte.Valutazioniaperte> in (ValutazioneRisposteAperteGUI.java:246)
Method <project.GUI.ValutazioneRisposteAperteGUI$2.actionPerformed(java.awt.event.ActionEvent)> gets field <project.Model.ListaValutazioniAperte.Valutazioniaperte> in (ValutazioneRisposteAperteGUI.java:248)
Method <project.GUI.ValutazioneRisposteAperteGUI$2.actionPerformed(java.awt.event.ActionEvent)> gets field <project.Model.Utente.ListaValutazioni> in (ValutazioneRisposteAperteGUI.java:246)
Method <project.GUI.ValutazioneRisposteAperteGUI$2.actionPerformed(java.awt.event.ActionEvent)> gets field <project.Model.Utente.ListaValutazioni> in (ValutazioneRisposteAperteGUI.java:248)
Method <project.GUI.ValutazioneRisposteAperteGUI$2.actionPerformed(java.awt.event.ActionEvent)> gets field <project.Model.ValutazioneAperta.idvalutazioneApertaDB> in (ValutazioneRisposteAperteGUI.java:248)
Method <project.ImplementazionePostgresDAO.RisultatoDaoImplementazionePostgres.RecuperaValutazioniDaDB(project.Model.Utente)> calls constructor <project.Model.ListaValutazioniAperte.<init>(java.lang.String, int)> in (RisultatoDaoImplementazionePostgres.java:314)
Method <project.ImplementazionePostgresDAO.RisultatoDaoImplementazionePostgres.RecuperaValutazioniDaDB(project.Model.Utente)> calls constructor <project.Model.ValutazioneAperta.<init>(java.lang.String, int, int, int, int, java.lang.String)> in (RisultatoDaoImplementazionePostgres.java:317)
Method <project.ImplementazionePostgresDAO.RisultatoDaoImplementazionePostgres.RecuperaValutazioniDaDB(project.Model.Utente)> calls method <project.Model.Utente.getCodiceFiscale()> in (RisultatoDaoImplementazionePostgres.java:304)
Method <project.ImplementazionePostgresDAO.RisultatoDaoImplementazionePostgres.RecuperaValutazioniDaDB(project.Model.Utente)> gets field <project.Model.ListaValutazioniAperte.Valutazioniaperte> in (RisultatoDaoImplementazionePostgres.java:317)
Method <project.ImplementazionePostgresDAO.RisultatoDaoImplementazionePostgres.RecuperaValutazioniDaDB(project.Model.Utente)> gets field <project.Model.Utente.ListaValutazioni> in (RisultatoDaoImplementazionePostgres.java:314)
Method <project.ImplementazionePostgresDAO.RisultatoDaoImplementazionePostgres.RecuperaValutazioniDaDB(project.Model.Utente)> gets field <project.Model.Utente.ListaValutazioni> in (RisultatoDaoImplementazionePostgres.java:317)
Method <project.ImplementazionePostgresDAO.RisultatoDaoImplementazionePostgres.RecuperaValutazioniDaDB(project.Model.Utente)> has parameter of type <project.Model.Utente> in (RisultatoDaoImplementazionePostgres.java:0)
Method <project.ImplementazionePostgresDAO.RisultatoDaoImplementazionePostgres.ResulDaDb(project.Model.Utente)> calls constructor <project.Model.Data.<init>(int, int, int)> in (RisultatoDaoImplementazionePostgres.java:189)
Method <project.ImplementazionePostgresDAO.RisultatoDaoImplementazionePostgres.ResulDaDb(project.Model.Utente)> calls constructor <project.Model.Data.<init>(int, int, int)> in (RisultatoDaoImplementazionePostgres.java:215)
Method <project.ImplementazionePostgresDAO.RisultatoDaoImplementazionePostgres.ResulDaDb(project.Model.Utente)> calls constructor <project.Model.Domanda.<init>(java.lang.String, java.lang.String)> in (RisultatoDaoImplementazionePostgres.java:194)
Method <project.ImplementazionePostgresDAO.RisultatoDaoImplementazionePostgres.ResulDaDb(project.Model.Utente)> calls constructor <project.Model.Domanda.<init>(java.lang.String, java.lang.String)> in (RisultatoDaoImplementazionePostgres.java:200)
Method <project.ImplementazionePostgresDAO.RisultatoDaoImplementazionePostgres.ResulDaDb(project.Model.Utente)> calls constructor <project.Model.Domanda.<init>(java.lang.String, java.lang.String)> in (RisultatoDaoImplementazionePostgres.java:220)
Method <project.ImplementazionePostgresDAO.RisultatoDaoImplementazionePostgres.ResulDaDb(project.Model.Utente)> calls constructor <project.Model.Domanda.<init>(java.lang.String, java.lang.String)> in (RisultatoDaoImplementazionePostgres.java:226)
Method <project.ImplementazionePostgresDAO.RisultatoDaoImplementazionePostgres.ResulDaDb(project.Model.Utente)> calls constructor <project.Model.RisultatoTest.<init>(int, java.lang.String, project.Model.Data, int)> in (RisultatoDaoImplementazionePostgres.java:189)
Method <project.ImplementazionePostgresDAO.RisultatoDaoImplementazionePostgres.ResulDaDb(project.Model.Utente)> calls constructor <project.Model.RisultatoTest.<init>(int, java.lang.String, project.Model.Data, int)> in (RisultatoDaoImplementazionePostgres.java:215)
Method <project.ImplementazionePostgresDAO.RisultatoDaoImplementazionePostgres.ResulDaDb(project.Model.Utente)> calls method <project.Model.Utente.getCodiceFiscale()> in (RisultatoDaoImplementazionePostgres.java:179)
Method <project.ImplementazionePostgresDAO.RisultatoDaoImplementazionePostgres.ResulDaDb(project.Model.Utente)> gets field <project.Model.RisultatoTest.DomandePresenti> in (RisultatoDaoImplementazionePostgres.java:194)
Method <project.ImplementazionePostgresDAO.RisultatoDaoImplementazionePostgres.ResulDaDb(project.Model.Utente)> gets field <project.Model.RisultatoTest.DomandePresenti> in (RisultatoDaoImplementazionePostgres.java:200)
Method <project.ImplementazionePostgresDAO.RisultatoDaoImplementazionePostgres.ResulDaDb(project.Model.Utente)> gets field <project.Model.RisultatoTest.DomandePresenti> in (RisultatoDaoImplementazionePostgres.java:220)
Method <project.ImplementazionePostgresDAO.RisultatoDaoImplementazionePostgres.ResulDaDb(project.Model.Utente)> gets field <project.Model.RisultatoTest.DomandePresenti> in (RisultatoDaoImplementazionePostgres.java:226)
Method <project.ImplementazionePostgresDAO.RisultatoDaoImplementazionePostgres.ResulDaDb(project.Model.Utente)> gets field <project.Model.RisultatoTest.idRisultatoTest> in (RisultatoDaoImplementazionePostgres.java:190)
Method <project.ImplementazionePostgresDAO.RisultatoDaoImplementazionePostgres.ResulDaDb(project.Model.Utente)> gets field <project.Model.RisultatoTest.idRisultatoTest> in (RisultatoDaoImplementazionePostgres.java:196)
Method <project.ImplementazionePostgresDAO.RisultatoDaoImplementazionePostgres.ResulDaDb(project.Model.Utente)> gets field <project.Model.RisultatoTest.idRisultatoTest> in (RisultatoDaoImplementazionePostgres.java:208)
Method <project.ImplementazionePostgresDAO.RisultatoDaoImplementazionePostgres.ResulDaDb(project.Model.Utente)> gets field <project.Model.RisultatoTest.idRisultatoTest> in (RisultatoDaoImplementazionePostgres.java:216)
Method <project.ImplementazionePostgresDAO.RisultatoDaoImplementazionePostgres.ResulDaDb(project.Model.Utente)> gets field <project.Model.RisultatoTest.idRisultatoTest> in (RisultatoDaoImplementazionePostgres.java:222)
Method <project.ImplementazionePostgresDAO.RisultatoDaoImplementazionePostgres.ResulDaDb(project.Model.Utente)> gets field <project.Model.Utente.ListaRisultati> in (RisultatoDaoImplementazionePostgres.java:187)
Method <project.ImplementazionePostgresDAO.RisultatoDaoImplementazionePostgres.ResulDaDb(project.Model.Utente)> gets field <project.Model.Utente.ListaRisultati> in (RisultatoDaoImplementazionePostgres.java:189)
Method <project.ImplementazionePostgresDAO.RisultatoDaoImplementazionePostgres.ResulDaDb(project.Model.Utente)> gets field <project.Model.Utente.ListaRisultati> in (RisultatoDaoImplementazionePostgres.java:190)
Method <project.ImplementazionePostgresDAO.RisultatoDaoImplementazionePostgres.ResulDaDb(project.Model.Utente)> gets field <project.Model.Utente.ListaRisultati> in (RisultatoDaoImplementazionePostgres.java:194)
Method <project.ImplementazionePostgresDAO.RisultatoDaoImplementazionePostgres.ResulDaDb(project.Model.Utente)> gets field <project.Model.Utente.ListaRisultati> in (RisultatoDaoImplementazionePostgres.java:196)
Method <project.ImplementazionePostgresDAO.RisultatoDaoImplementazionePostgres.ResulDaDb(project.Model.Utente)> gets field <project.Model.Utente.ListaRisultati> in (RisultatoDaoImplementazionePostgres.java:200)
Method <project.ImplementazionePostgresDAO.RisultatoDaoImplementazionePostgres.ResulDaDb(project.Model.Utente)> gets field <project.Model.Utente.ListaRisultati> in (RisultatoDaoImplementazionePostgres.java:206)
Method <project.ImplementazionePostgresDAO.RisultatoDaoImplementazionePostgres.ResulDaDb(project.Model.Utente)> gets field <project.Model.Utente.ListaRisultati> in (RisultatoDaoImplementazionePostgres.java:208)
Method <project.ImplementazionePostgresDAO.RisultatoDaoImplementazionePostgres.ResulDaDb(project.Model.Utente)> gets field <project.Model.Utente.ListaRisultati> in (RisultatoDaoImplementazionePostgres.java:215)
Method <project.ImplementazionePostgresDAO.RisultatoDaoImplementazionePostgres.ResulDaDb(project.Model.Utente)> gets field <project.Model.Utente.ListaRisultati> in (RisultatoDaoImplementazionePostgres.java:216)
Method <project.ImplementazionePostgresDAO.RisultatoDaoImplementazionePostgres.ResulDaDb(project.Model.Utente)> gets field <project.Model.Utente.ListaRisultati> in (RisultatoDaoImplementazionePostgres.java:220)
Method <project.ImplementazionePostgresDAO.RisultatoDaoImplementazionePostgres.ResulDaDb(project.Model.Utente)> gets field <project.Model.Utente.ListaRisultati> in (RisultatoDaoImplementazionePostgres.java:222)
Method <project.ImplementazionePostgresDAO.RisultatoDaoImplementazionePostgres.ResulDaDb(project.Model.Utente)> gets field <project.Model.Utente.ListaRisultati> in (RisultatoDaoImplementazionePostgres.java:226)
Method <project.ImplementazionePostgresDAO.RisultatoDaoImplementazionePostgres.ResulDaDb(project.Model.Utente)> has parameter of type <project.Model.Utente> in (RisultatoDaoImplementazionePostgres.java:0)
Method <project.ImplementazionePostgresDAO.RisultatoDaoImplementazionePostgres.ResultDaDBAperta(project.Model.Utente)> has parameter of type <project.Model.Utente> in (RisultatoDaoImplementazionePostgres.java:0)
Method <project.ImplementazionePostgresDAO.TestDaoImplementazionePostgres.CreaUtenti(java.util.ArrayList)> calls constructor <project.Model.Data.<init>(int, int, int)> in (TestDaoImplementazionePostgres.java:74)
Method <project.ImplementazionePostgresDAO.TestDaoImplementazionePostgres.CreaUtenti(java.util.ArrayList)> calls constructor <project.Model.Data.<init>(int, int, int)> in (TestDaoImplementazionePostgres.java:81)
Method <project.ImplementazionePostgresDAO.TestDaoImplementazionePostgres.CreaUtenti(java.util.ArrayList)> calls constructor <project.Model.Domanda.<init>(java.lang.String, java.lang.String)> in (TestDaoImplementazionePostgres.java:105)
Method <project.ImplementazionePostgresDAO.TestDaoImplementazionePostgres.CreaUtenti(java.util.ArrayList)> calls constructor <project.Model.Domanda.<init>(java.lang.String, java.lang.String)> in (TestDaoImplementazionePostgres.java:114)
Method <project.ImplementazionePostgresDAO.TestDaoImplementazionePostgres.CreaUtenti(java.util.ArrayList)> calls constructor <project.Model.Domanda.<init>(java.lang.String, java.lang.String)> in (TestDaoImplementazionePostgres.java:123)
Method <project.ImplementazionePostgresDAO.TestDaoImplementazionePostgres.CreaUtenti(java.util.ArrayList)> calls constructor <project.Model.Domanda.<init>(java.lang.String, java.lang.String)> in (TestDaoImplementazionePostgres.java:142)
Method <project.ImplementazionePostgresDAO.TestDaoImplementazionePostgres.CreaUtenti(java.util.ArrayList)> calls constructor <project.Model.Domanda.<init>(java.lang.String, java.lang.String)> in (TestDaoImplementazionePostgres.java:148)
Method <project.ImplementazionePostgresDAO.TestDaoImplementazionePostgres.CreaUtenti(java.util.ArrayList)> calls constructor <project.Model.Domanda.<init>(java.lang.String, java.lang.String)> in (TestDaoImplementazionePostgres.java:96)
Method <project.ImplementazionePostgresDAO.TestDaoImplementazionePostgres.CreaUtenti(java.util.ArrayList)> calls constructor <project.Model.Quiz.<init>(project.Model.Test)> in (TestDaoImplementazionePostgres.java:112)
Method <project.ImplementazionePostgresDAO.TestDaoImplementazionePostgres.CreaUtenti(java.util.ArrayList)> calls constructor <project.Model.Quiz.<init>(project.Model.Test)> in (TestDaoImplementazionePostgres.java:140)
Method <project.ImplementazionePostgresDAO.TestDaoImplementazionePostgres.CreaUtenti(java.util.ArrayList)> calls constructor <project.Model.Quiz.<init>(project.Model.Test)> in (TestDaoImplementazionePostgres.java:146)
Method <project.ImplementazionePostgresDAO.TestDaoImplementazionePostgres.CreaUtenti(java.util.ArrayList)> calls constructor <project.Model.Quiz.<init>(project.Model.Test)> in (TestDaoImplementazionePostgres.java:94)
Method <project.ImplementazionePostgresDAO.TestDaoImplementazionePostgres.CreaUtenti(java.util.ArrayList)> calls constructor <project.Model.Test.<init>(java.lang.String, project.Model.Utente, project.Model.Data)> in (TestDaoImplementazionePostgres.java:81)
Method <project.ImplementazionePostgresDAO.TestDaoImplementazionePostgres.CreaUtenti(java.util.ArrayList)> calls constructor <project.Model.Utente.<init>(java.lang.String, java.lang.String, project.Model.Data, java.lang.String)> in (TestDaoImplementazionePostgres.java:74)
Method <project.ImplementazionePostgresDAO.TestDaoImplementazionePostgres.CreaUtenti(java.util.ArrayList)> calls method <project.Model.Quiz.AddParametri(int, int, java.lang.String)> in (TestDaoImplementazionePostgres.java:113)
Method <project.ImplementazionePostgresDAO.TestDaoImplementazionePostgres.CreaUtenti(java.util.ArrayList)> calls method <project.Model.Quiz.AddParametri(int, int, java.lang.String)> in (TestDaoImplementazionePostgres.java:141)
Method <project.ImplementazionePostgresDAO.TestDaoImplementazionePostgres.CreaUtenti(java.util.ArrayList)> calls method <project.Model.Quiz.AddParametri(int, int, java.lang.String)> in (TestDaoImplementazionePostgres.java:147)
Method <project.ImplementazionePostgresDAO.TestDaoImplementazionePostgres.CreaUtenti(java.util.ArrayList)> calls method <project.Model.Quiz.AddParametri(int, int, java.lang.String)> in (TestDaoImplementazionePostgres.java:95)
Method <project.ImplementazionePostgresDAO.TestDaoImplementazionePostgres.CreaUtenti(java.util.ArrayList)> calls method <project.Model.Quiz.AggiungiDomanda(project.Model.Domanda)> in (TestDaoImplementazionePostgres.java:105)
Method <project.ImplementazionePostgresDAO.TestDaoImplementazionePostgres.CreaUtenti(java.util.ArrayList)> calls method <project.Model.Quiz.AggiungiDomanda(project.Model.Domanda)> in (TestDaoImplementazionePostgres.java:114)
Method <project.ImplementazionePostgresDAO.TestDaoImplementazionePostgres.CreaUtenti(java.util.ArrayList)> calls method <project.Model.Quiz.AggiungiDomanda(project.Model.Domanda)> in (TestDaoImplementazionePostgres.java:123)
Method <project.ImplementazionePostgresDAO.TestDaoImplementazionePostgres.CreaUtenti(java.util.ArrayList)> calls method <project.Model.Quiz.AggiungiDomanda(project.Model.Domanda)> in (TestDaoImplementazionePostgres.java:142)
Method <project.ImplementazionePostgresDAO.TestDaoImplementazionePostgres.CreaUtenti(java.util.ArrayList)> calls method <project.Model.Quiz.AggiungiDomanda(project.Model.Domanda)> in (TestDaoImplementazionePostgres.java:148)
Method <project.ImplementazionePostgresDAO.TestDaoImplementazionePostgres.CreaUtenti(java.util.ArrayList)> calls method <project.Model.Quiz.AggiungiDomanda(project.Model.Domanda)> in (TestDaoImplementazionePostgres.java:96)
Method <project.ImplementazionePostgresDAO.TestDaoImplementazionePostgres.CreaUtenti(java.util.ArrayList)> calls method <project.Model.Test.AddQuiz(project.Model.Quiz)> in (TestDaoImplementazionePostgres.java:112)
Method <project.ImplementazionePostgresDAO.TestDaoImplementazionePostgres.CreaUtenti(java.util.ArrayList)> calls method <project.Model.Test.AddQuiz(project.Model.Quiz)> in (TestDaoImplementazionePostgres.java:140)
Method <project.ImplementazionePostgresDAO.TestDaoImplementazionePostgres.CreaUtenti(java.util.ArrayList)> calls method <project.Model.Test.AddQuiz(project.Model.Quiz)> in (TestDaoImplementazionePostgres.java:146)
Method <project.ImplementazionePostgresDAO.TestDaoImplementazionePostgres.CreaUtenti(java.util.ArrayList)> calls method <project.Model.Test.AddQuiz(project.Model.Quiz)> in (TestDaoImplementazionePostgres.java:94)
Method <project.ImplementazionePostgresDAO.TestDaoImplementazionePostgres.CreaUtenti(java.util.ArrayList)> calls method <project.Model.Utente.getCodiceFiscale()> in (TestDaoImplementazionePostgres.java:60)
Method <project.ImplementazionePostgresDAO.TestDaoImplementazionePostgres.CreaUtenti(java.util.ArrayList)> gets field <project.Model.Test.QuizPresenti> in (TestDaoImplementazionePostgres.java:105)
Method <project.ImplementazionePostgresDAO.TestDaoImplementazionePostgres.CreaUtenti(java.util.ArrayList)> gets field <project.Model.Test.QuizPresenti> in (TestDaoImplementazionePostgres.java:113)
Method <project.ImplementazionePostgresDAO.TestDaoImplementazionePostgres.CreaUtenti(java.util.ArrayList)> gets field <project.Model.Test.QuizPresenti> in (TestDaoImplementazionePostgres.java:114)
Method <project.ImplementazionePostgresDAO.TestDaoImplementazionePostgres.CreaUtenti(java.util.ArrayList)> gets field <project.Model.Test.QuizPresenti> in (TestDaoImplementazionePostgres.java:123)
Method <project.ImplementazionePostgresDAO.TestDaoImplementazionePostgres.CreaUtenti(java.util.ArrayList)> gets field <project.Model.Test.QuizPresenti> in (TestDaoImplementazionePostgres.java:141)
Method <project.ImplementazionePostgresDAO.TestDaoImplementazionePostgres.CreaUtenti(java.util.ArrayList)> gets field <project.Model.Test.QuizPresenti> in (TestDaoImplementazionePostgres.java:142)
Method <project.ImplementazionePostgresDAO.TestDaoImplementazionePostgres.CreaUtenti(java.util.ArrayList)> gets field <project.Model.Test.QuizPresenti> in (TestDaoImplementazionePostgres.java:147)
Method <project.ImplementazionePostgresDAO.TestDaoImplementazionePostgres.CreaUtenti(java.util.ArrayList)> gets field <project.Model.Test.QuizPresenti> in (TestDaoImplementazionePostgres.java:148)
Method <project.ImplementazionePostgresDAO.TestDaoImplementazionePostgres.CreaUtenti(java.util.ArrayList)> gets field <project.Model.Test.QuizPresenti> in (TestDaoImplementazionePostgres.java:95)
Method <project.ImplementazionePostgresDAO.TestDaoImplementazionePostgres.CreaUtenti(java.util.ArrayList)> gets field <project.Model.Test.QuizPresenti> in (TestDaoImplementazionePostgres.java:96)
Method <project.ImplementazionePostgresDAO.TestDaoImplementazionePostgres.CreaUtenti(java.util.ArrayList)> has generic parameter type <java.util.ArrayList<project.Model.Utente>> with type argument depending on <project.Model.Utente> in (TestDaoImplementazionePostgres.java:0)
Method <project.ImplementazionePostgresDAO.TestDaoImplementazionePostgres.CreaUtenti(java.util.ArrayList)> has generic return type <java.util.ArrayList<project.Model.Test>> with type argument depending on <project.Model.Test> in (TestDaoImplementazionePostgres.java:0)
Method <project.ImplementazionePostgresDAO.UtenteImplementazioneDAO.creaNuovoUtente(java.lang.String, java.lang.String)> calls constructor <project.Model.Data.<init>(int, int, int)> in (UtenteImplementazioneDAO.java:103)
Method <project.ImplementazionePostgresDAO.UtenteImplementazioneDAO.creaNuovoUtente(java.lang.String, java.lang.String)> calls constructor <project.Model.Utente.<init>(java.lang.String, java.lang.String, project.Model.Data, java.lang.String)> in (UtenteImplementazioneDAO.java:103)
Method <project.ImplementazionePostgresDAO.UtenteImplementazioneDAO.creaNuovoUtente(java.lang.String, java.lang.String)> has return type <project.Model.Utente> in (UtenteImplementazioneDAO.java:0)
	at com.tngtech.archunit.lang.ArchRule$Assertions.assertNoViolation(ArchRule.java:94)
	at com.tngtech.archunit.lang.ArchRule$Assertions.check(ArchRule.java:82)
	at com.tngtech.archunit.library.Architectures$LayeredArchitecture.check(Architectures.java:291)
	at com.tngtech.archunit.junit.ArchRuleExecution.evaluateOn(ArchRuleExecution.java:43)
	at com.tngtech.archunit.junit.ArchUnitRunner.runChild(ArchUnitRunner.java:154)
	at com.tngtech.archunit.junit.ArchUnitRunner.runChild(ArchUnitRunner.java:63)
	at org.junit.runners.ParentRunner$3.run(ParentRunner.java:238)
	at org.junit.runners.ParentRunner$1.schedule(ParentRunner.java:63)
	at org.junit.runners.ParentRunner.runChildren(ParentRunner.java:236)
	at org.junit.runners.ParentRunner.access$000(ParentRunner.java:53)
	at org.junit.runners.ParentRunner$2.evaluate(ParentRunner.java:229)
	at com.tngtech.archunit.junit.ArchUnitRunner$1.evaluate(ArchUnitRunner.java:88)
	at org.junit.runners.ParentRunner.run(ParentRunner.java:309)
	at org.apache.maven.surefire.junit4.JUnit4Provider.execute(JUnit4Provider.java:283)
	at org.apache.maven.surefire.junit4.JUnit4Provider.executeWithRerun(JUnit4Provider.java:173)
	at org.apache.maven.surefire.junit4.JUnit4Provider.executeTestSet(JUnit4Provider.java:153)
	at org.apache.maven.surefire.junit4.JUnit4Provider.invoke(JUnit4Provider.java:128)
	at org.apache.maven.surefire.booter.ForkedBooter.invokeProviderInSameClassLoader(ForkedBooter.java:203)
	at org.apache.maven.surefire.booter.ForkedBooter.runSuitesInProcess(ForkedBooter.java:155)
	at org.apache.maven.surefire.booter.ForkedBooter.main(ForkedBooter.java:103)
]]></failure>
    <system-err><![CDATA[SLF4J: Failed to load class "org.slf4j.impl.StaticLoggerBinder".
SLF4J: Defaulting to no-operation (NOP) logger implementation
SLF4J: See http://www.slf4j.org/codes.html#StaticLoggerBinder for further details.
]]></system-err>
  </testcase>
</testsuite>