<?xml version="1.0" encoding="UTF-8"?>
<testsuite name="project.arch.LayerContainmentTest" time="0.001" tests="8" errors="0" skipped="0" failures="3">
  <properties>
[...]
</properties>
  <testcase name="controllers_reside_in_the_controller_layer" classname="project.arch.LayerContainmentTest" time="0"/>
  <testcase name="controllers_only_reside_in_the_controller_layer" classname="project.arch.LayerContainmentTest" time="0"/>
  <testcase name="DAOs_reside_in_the_DAO_layer" classname="project.arch.LayerContainmentTest" time="0"/>
  <testcase name="DAOs_only_reside_in_the_DAO_layer" classname="project.arch.LayerContainmentTest" time="0">
    <failure message="Architecture Violation [Priority: MEDIUM] - Rule &apos;no classes that have simple name not ending with &apos;DAO&apos; should reside in a package &apos;project.DAO&apos;&apos; was violated (1 times):&#10;Class &lt;project.DAO.UtenteDao&gt; does reside in a package &apos;project.DAO&apos; in (UtenteDao.java:0)" type="java.lang.AssertionError"><![CDATA[java.lang.AssertionError: Architecture Violation [Priority: MEDIUM] - Rule 'no classes that have simple name not ending with 'DAO' should reside in a package 'project.DAO'' was violated (1 times):
Class <project.DAO.UtenteDao> does reside in a package 'project.DAO' in (UtenteDao.java:0)
	at com.tngtech.archunit.lang.ArchRule$Assertions.assertNoViolation(ArchRule.java:94)
	at com.tngtech.archunit.lang.ArchRule$Assertions.check(ArchRule.java:82)
	at com.tngtech.archunit.lang.ArchRule$Factory$SimpleArchRule.check(ArchRule.java:198)
	at com.tngtech.archunit.lang.syntax.ObjectsShouldInternal.check(ObjectsShouldInternal.java:81)
	at com.tngtech.archunit.junit.ArchRuleExecution.evaluateOn(ArchRuleExecution.java:43)
	at com.tngtech.archunit.junit.ArchUnitRunner.runChild(ArchUnitRunner.java:154)
	at com.tngtech.archunit.junit.ArchUnitRunner.runChild(ArchUnitRunner.java:63)
	at org.junit.runners.ParentRunner$3.run(ParentRunner.java:238)
	at org.junit.runners.ParentRunner$1.schedule(ParentRunner.java:63)
	at org.junit.runners.ParentRunner.runChildren(ParentRunner.java:236)
	at org.junit.runners.ParentRunner.access$000(ParentRunner.java:53)
	at org.junit.runners.ParentRunner$2.evaluate(ParentRunner.java:229)
	at com.tngtech.archunit.junit.ArchUnitRunner$1.evaluate(ArchUnitRunner.java:88)
	at org.junit.runners.ParentRunner.run(ParentRunner.java:309)
	at org.apache.maven.surefire.junit4.JUnit4Provider.execute(JUnit4Provider.java:283)
	at org.apache.maven.surefire.junit4.JUnit4Provider.executeWithRerun(JUnit4Provider.java:173)
	at org.apache.maven.surefire.junit4.JUnit4Provider.executeTestSet(JUnit4Provider.java:153)
	at org.apache.maven.surefire.junit4.JUnit4Provider.invoke(JUnit4Provider.java:128)
	at org.apache.maven.surefire.booter.ForkedBooter.invokeProviderInSameClassLoader(ForkedBooter.java:203)
	at org.apache.maven.surefire.booter.ForkedBooter.runSuitesInProcess(ForkedBooter.java:155)
	at org.apache.maven.surefire.booter.ForkedBooter.main(ForkedBooter.java:103)
]]></failure>
  </testcase>
  <testcase name="DAO_implementations_reside_in_the_DAO_implementation_layer" classname="project.arch.LayerContainmentTest" time="0.001">
    <failure message="Architecture Violation [Priority: MEDIUM] - Rule &apos;classes that have simple name ending with &apos;ImplementazioneDAO&apos; should reside in a package &apos;project.ImplementazioniPostgresDAO&apos;&apos; was violated (2 times):&#10;Class &lt;project.ImplementazionePostgresDAO.RegisterDaoImplementazioneDAO&gt; does not reside in a package &apos;project.ImplementazioniPostgresDAO&apos; in (RegisterDaoImplementazioneDAO.java:0)&#10;Class &lt;project.ImplementazionePostgresDAO.UtenteImplementazioneDAO&gt; does not reside in a package &apos;project.ImplementazioniPostgresDAO&apos; in (UtenteImplementazioneDAO.java:0)" type="java.lang.AssertionError"><![CDATA[java.lang.AssertionError: Architecture Violation [Priority: MEDIUM] - Rule 'classes that have simple name ending with 'ImplementazioneDAO' should reside in a package 'project.ImplementazioniPostgresDAO'' was violated (2 times):
Class <project.ImplementazionePostgresDAO.RegisterDaoImplementazioneDAO> does not reside in a package 'project.ImplementazioniPostgresDAO' in (RegisterDaoImplementazioneDAO.java:0)
Class <project.ImplementazionePostgresDAO.UtenteImplementazioneDAO> does not reside in a package 'project.ImplementazioniPostgresDAO' in (UtenteImplementazioneDAO.java:0)
	at com.tngtech.archunit.lang.ArchRule$Assertions.assertNoViolation(ArchRule.java:94)
	at com.tngtech.archunit.lang.ArchRule$Assertions.check(ArchRule.java:82)
	at com.tngtech.archunit.lang.ArchRule$Factory$SimpleArchRule.check(ArchRule.java:198)
	at com.tngtech.archunit.lang.syntax.ObjectsShouldInternal.check(ObjectsShouldInternal.java:81)
	at com.tngtech.archunit.junit.ArchRuleExecution.evaluateOn(ArchRuleExecution.java:43)
	at com.tngtech.archunit.junit.ArchUnitRunner.runChild(ArchUnitRunner.java:154)
	at com.tngtech.archunit.junit.ArchUnitRunner.runChild(ArchUnitRunner.java:63)
	at org.junit.runners.ParentRunner$3.run(ParentRunner.java:238)
	at org.junit.runners.ParentRunner$1.schedule(ParentRunner.java:63)
	at org.junit.runners.ParentRunner.runChildren(ParentRunner.java:236)
	at org.junit.runners.ParentRunner.access$000(ParentRunner.java:53)
	at org.junit.runners.ParentRunner$2.evaluate(ParentRunner.java:229)
	at com.tngtech.archunit.junit.ArchUnitRunner$1.evaluate(ArchUnitRunner.java:88)
	at org.junit.runners.ParentRunner.run(ParentRunner.java:309)
	at org.apache.maven.surefire.junit4.JUnit4Provider.execute(JUnit4Provider.java:283)
	at org.apache.maven.surefire.junit4.JUnit4Provider.executeWithRerun(JUnit4Provider.java:173)
	at org.apache.maven.surefire.junit4.JUnit4Provider.executeTestSet(JUnit4Provider.java:153)
	at org.apache.maven.surefire.junit4.JUnit4Provider.invoke(JUnit4Provider.java:128)
	at org.apache.maven.surefire.booter.ForkedBooter.invokeProviderInSameClassLoader(ForkedBooter.java:203)
	at org.apache.maven.surefire.booter.ForkedBooter.runSuitesInProcess(ForkedBooter.java:155)
	at org.apache.maven.surefire.booter.ForkedBooter.main(ForkedBooter.java:103)
]]></failure>
  </testcase>
  <testcase name="DAO_implementations_only_reside_in_the_DAO_implementation_layer" classname="project.arch.LayerContainmentTest" time="0"/>
  <testcase name="GUIs_reside_in_the_GUI_layer" classname="project.arch.LayerContainmentTest" time="0"/>
  <testcase name="GUIs_only_reside_in_the_GUI_layer" classname="project.arch.LayerContainmentTest" time="0">
    <failure message="Architecture Violation [Priority: MEDIUM] - Rule &apos;no classes that have simple name not ending with &apos;GUI&apos; should reside in a package &apos;project.GUI&apos;&apos; was violated (44 times):&#10;Class &lt;project.GUI.ControllaRisultatiQuiz$1&gt; does reside in a package &apos;project.GUI&apos; in (ControllaRisultatiQuiz.java:0)&#10;Class &lt;project.GUI.ControllaRisultatiQuiz&gt; does reside in a package &apos;project.GUI&apos; in (ControllaRisultatiQuiz.java:0)&#10;Class &lt;project.GUI.CreaQuizGui$1&gt; does reside in a package &apos;project.GUI&apos; in (CreaQuizGui.java:0)&#10;Class &lt;project.GUI.CreaQuizGui$2&gt; does reside in a package &apos;project.GUI&apos; in (CreaQuizGui.java:0)&#10;Class &lt;project.GUI.CreaQuizGui$3&gt; does reside in a package &apos;project.GUI&apos; in (CreaQuizGui.java:0)&#10;Class &lt;project.GUI.CreaQuizGui&gt; does reside in a package &apos;project.GUI&apos; in (CreaQuizGui.java:0)&#10;Class &lt;project.GUI.FormCollegamentoEsami$1&gt; does reside in a package &apos;project.GUI&apos; in (FormCollegamentoEsami.java:0)&#10;Class &lt;project.GUI.FormCollegamentoEsami&gt; does reside in a package &apos;project.GUI&apos; in (FormCollegamentoEsami.java:0)&#10;Class &lt;project.GUI.FormCorreggiRisposte&gt; does reside in a package &apos;project.GUI&apos; in (FormCorreggiRisposte.java:0)&#10;Class &lt;project.GUI.FormVisualQuiz&gt; does reside in a package &apos;project.GUI&apos; in (FormVisualQuiz.java:0)&#10;Class &lt;project.GUI.FormVisualRisultato&gt; does reside in a package &apos;project.GUI&apos; in (FormVisualRisultato.java:0)&#10;Class &lt;project.GUI.InsegnanteGUI$1&gt; does reside in a package &apos;project.GUI&apos; in (InsegnanteGUI.java:0)&#10;Class &lt;project.GUI.InsegnanteGUI$2&gt; does reside in a package &apos;project.GUI&apos; in (InsegnanteGUI.java:0)&#10;Class &lt;project.GUI.Login$1&gt; does reside in a package &apos;project.GUI&apos; in (Login.java:0)&#10;Class &lt;project.GUI.Login$2&gt; does reside in a package &apos;project.GUI&apos; in (Login.java:0)&#10;Class &lt;project.GUI.Login$3&gt; does reside in a package &apos;project.GUI&apos; in (Login.java:0)&#10;Class &lt;project.GUI.Login$4&gt; does reside in a package &apos;project.GUI&apos; in (Login.java:0)&#10;Class &lt;project.GUI.Login$5&gt; does reside in a package &apos;project.GUI&apos; in (Login.java:0)&#10;Class &lt;project.GUI.Login$6&gt; does reside in a package &apos;project.GUI&apos; in (Login.java:0)&#10;Class &lt;project.GUI.Login&gt; does reside in a package &apos;project.GUI&apos; in (Login.java:0)&#10;Class &lt;project.GUI.Main$1&gt; does reside in a package &apos;project.GUI&apos; in (Main.java:0)&#10;Class &lt;project.GUI.Main&gt; does reside in a package &apos;project.GUI&apos; in (Main.java:0)&#10;Class &lt;project.GUI.PanelCollegamentoValutazioneRisposteAperte$1&gt; does reside in a package &apos;project.GUI&apos; in (PanelCollegamentoValutazioneRisposteAperte.java:0)&#10;Class &lt;project.GUI.PanelCollegamentoValutazioneRisposteAperte&gt; does reside in a package &apos;project.GUI&apos; in (PanelCollegamentoValutazioneRisposteAperte.java:0)&#10;Class &lt;project.GUI.PanelFormDomande$1$1&gt; does reside in a package &apos;project.GUI&apos; in (PanelFormDomande.java:0)&#10;Class &lt;project.GUI.PanelFormDomande$1&gt; does reside in a package &apos;project.GUI&apos; in (PanelFormDomande.java:0)&#10;Class &lt;project.GUI.PanelFormDomande$2$1&gt; does reside in a package &apos;project.GUI&apos; in (PanelFormDomande.java:0)&#10;Class &lt;project.GUI.PanelFormDomande$2$2&gt; does reside in a package &apos;project.GUI&apos; in (PanelFormDomande.java:0)&#10;Class &lt;project.GUI.PanelFormDomande$2&gt; does reside in a package &apos;project.GUI&apos; in (PanelFormDomande.java:0)&#10;Class &lt;project.GUI.PanelFormDomande&gt; does reside in a package &apos;project.GUI&apos; in (PanelFormDomande.java:0)&#10;Class &lt;project.GUI.PanelRisultatiCollegamento$1&gt; does reside in a package &apos;project.GUI&apos; in (PanelRisultatiCollegamento.java:0)&#10;Class &lt;project.GUI.PanelRisultatiCollegamento&gt; does reside in a package &apos;project.GUI&apos; in (PanelRisultatiCollegamento.java:0)&#10;Class &lt;project.GUI.Register$1&gt; does reside in a package &apos;project.GUI&apos; in (Register.java:0)&#10;Class &lt;project.GUI.Register$2&gt; does reside in a package &apos;project.GUI&apos; in (Register.java:0)&#10;Class &lt;project.GUI.Register$3&gt; does reside in a package &apos;project.GUI&apos; in (Register.java:0)&#10;Class &lt;project.GUI.Register$4&gt; does reside in a package &apos;project.GUI&apos; in (Register.java:0)&#10;Class &lt;project.GUI.Register$5&gt; does reside in a package &apos;project.GUI&apos; in (Register.java:0)&#10;Class &lt;project.GUI.Register&gt; does reside in a package &apos;project.GUI&apos; in (Register.java:0)&#10;Class &lt;project.GUI.StudenteGUI$1&gt; does reside in a package &apos;project.GUI&apos; in (StudenteGUI.java:0)&#10;Class &lt;project.GUI.SvolgiQuiz$1&gt; does reside in a package &apos;project.GUI&apos; in (SvolgiQuiz.java:0)&#10;Class &lt;project.GUI.SvolgiQuiz$2&gt; does reside in a package &apos;project.GUI&apos; in (SvolgiQuiz.java:0)&#10;Class &lt;project.GUI.SvolgiQuiz&gt; does reside in a package &apos;project.GUI&apos; in (SvolgiQuiz.java:0)&#10;Class &lt;project.GUI.ValutazioneRisposteAperteGUI$1&gt; does reside in a package &apos;project.GUI&apos; in (ValutazioneRisposteAperteGUI.java:0)&#10;Class &lt;project.GUI.ValutazioneRisposteAperteGUI$2&gt; does reside in a package &apos;project.GUI&apos; in (ValutazioneRisposteAperteGUI.java:0)" type="java.lang.AssertionError"><![CDATA[java.lang.AssertionError: Architecture Violation [Priority: MEDIUM] - Rule 'no classes that have simple name not ending with 'GUI' should reside in a package 'project.GUI'' was violated (44 times):
Class <project.GUI.ControllaRisultatiQuiz$1> does reside in a package 'project.GUI' in (ControllaRisultatiQuiz.java:0)
Class <project.GUI.ControllaRisultatiQuiz> does reside in a package 'project.GUI' in (ControllaRisultatiQuiz.java:0)
Class <project.GUI.CreaQuizGui$1> does reside in a package 'project.GUI' in (CreaQuizGui.java:0)
Class <project.GUI.CreaQuizGui$2> does reside in a package 'project.GUI' in (CreaQuizGui.java:0)
Class <project.GUI.CreaQuizGui$3> does reside in a package 'project.GUI' in (CreaQuizGui.java:0)
Class <project.GUI.CreaQuizGui> does reside in a package 'project.GUI' in (CreaQuizGui.java:0)
Class <project.GUI.FormCollegamentoEsami$1> does reside in a package 'project.GUI' in (FormCollegamentoEsami.java:0)
Class <project.GUI.FormCollegamentoEsami> does reside in a package 'project.GUI' in (FormCollegamentoEsami.java:0)
Class <project.GUI.FormCorreggiRisposte> does reside in a package 'project.GUI' in (FormCorreggiRisposte.java:0)
Class <project.GUI.FormVisualQuiz> does reside in a package 'project.GUI' in (FormVisualQuiz.java:0)
Class <project.GUI.FormVisualRisultato> does reside in a package 'project.GUI' in (FormVisualRisultato.java:0)
Class <project.GUI.InsegnanteGUI$1> does reside in a package 'project.GUI' in (InsegnanteGUI.java:0)
Class <project.GUI.InsegnanteGUI$2> does reside in a package 'project.GUI' in (InsegnanteGUI.java:0)
Class <project.GUI.Login$1> does reside in a package 'project.GUI' in (Login.java:0)
Class <project.GUI.Login$2> does reside in a package 'project.GUI' in (Login.java:0)
Class <project.GUI.Login$3> does reside in a package 'project.GUI' in (Login.java:0)
Class <project.GUI.Login$4> does reside in a package 'project.GUI' in (Login.java:0)
Class <project.GUI.Login$5> does reside in a package 'project.GUI' in (Login.java:0)
Class <project.GUI.Login$6> does reside in a package 'project.GUI' in (Login.java:0)
Class <project.GUI.Login> does reside in a package 'project.GUI' in (Login.java:0)
Class <project.GUI.Main$1> does reside in a package 'project.GUI' in (Main.java:0)
Class <project.GUI.Main> does reside in a package 'project.GUI' in (Main.java:0)
Class <project.GUI.PanelCollegamentoValutazioneRisposteAperte$1> does reside in a package 'project.GUI' in (PanelCollegamentoValutazioneRisposteAperte.java:0)
Class <project.GUI.PanelCollegamentoValutazioneRisposteAperte> does reside in a package 'project.GUI' in (PanelCollegamentoValutazioneRisposteAperte.java:0)
Class <project.GUI.PanelFormDomande$1$1> does reside in a package 'project.GUI' in (PanelFormDomande.java:0)
Class <project.GUI.PanelFormDomande$1> does reside in a package 'project.GUI' in (PanelFormDomande.java:0)
Class <project.GUI.PanelFormDomande$2$1> does reside in a package 'project.GUI' in (PanelFormDomande.java:0)
Class <project.GUI.PanelFormDomande$2$2> does reside in a package 'project.GUI' in (PanelFormDomande.java:0)
Class <project.GUI.PanelFormDomande$2> does reside in a package 'project.GUI' in (PanelFormDomande.java:0)
Class <project.GUI.PanelFormDomande> does reside in a package 'project.GUI' in (PanelFormDomande.java:0)
Class <project.GUI.PanelRisultatiCollegamento$1> does reside in a package 'project.GUI' in (PanelRisultatiCollegamento.java:0)
Class <project.GUI.PanelRisultatiCollegamento> does reside in a package 'project.GUI' in (PanelRisultatiCollegamento.java:0)
Class <project.GUI.Register$1> does reside in a package 'project.GUI' in (Register.java:0)
Class <project.GUI.Register$2> does reside in a package 'project.GUI' in (Register.java:0)
Class <project.GUI.Register$3> does reside in a package 'project.GUI' in (Register.java:0)
Class <project.GUI.Register$4> does reside in a package 'project.GUI' in (Register.java:0)
Class <project.GUI.Register$5> does reside in a package 'project.GUI' in (Register.java:0)
Class <project.GUI.Register> does reside in a package 'project.GUI' in (Register.java:0)
Class <project.GUI.StudenteGUI$1> does reside in a package 'project.GUI' in (StudenteGUI.java:0)
Class <project.GUI.SvolgiQuiz$1> does reside in a package 'project.GUI' in (SvolgiQuiz.java:0)
Class <project.GUI.SvolgiQuiz$2> does reside in a package 'project.GUI' in (SvolgiQuiz.java:0)
Class <project.GUI.SvolgiQuiz> does reside in a package 'project.GUI' in (SvolgiQuiz.java:0)
Class <project.GUI.ValutazioneRisposteAperteGUI$1> does reside in a package 'project.GUI' in (ValutazioneRisposteAperteGUI.java:0)
Class <project.GUI.ValutazioneRisposteAperteGUI$2> does reside in a package 'project.GUI' in (ValutazioneRisposteAperteGUI.java:0)
	at com.tngtech.archunit.lang.ArchRule$Assertions.assertNoViolation(ArchRule.java:94)
	at com.tngtech.archunit.lang.ArchRule$Assertions.check(ArchRule.java:82)
	at com.tngtech.archunit.lang.ArchRule$Factory$SimpleArchRule.check(ArchRule.java:198)
	at com.tngtech.archunit.lang.syntax.ObjectsShouldInternal.check(ObjectsShouldInternal.java:81)
	at com.tngtech.archunit.junit.ArchRuleExecution.evaluateOn(ArchRuleExecution.java:43)
	at com.tngtech.archunit.junit.ArchUnitRunner.runChild(ArchUnitRunner.java:154)
	at com.tngtech.archunit.junit.ArchUnitRunner.runChild(ArchUnitRunner.java:63)
	at org.junit.runners.ParentRunner$3.run(ParentRunner.java:238)
	at org.junit.runners.ParentRunner$1.schedule(ParentRunner.java:63)
	at org.junit.runners.ParentRunner.runChildren(ParentRunner.java:236)
	at org.junit.runners.ParentRunner.access$000(ParentRunner.java:53)
	at org.junit.runners.ParentRunner$2.evaluate(ParentRunner.java:229)
	at com.tngtech.archunit.junit.ArchUnitRunner$1.evaluate(ArchUnitRunner.java:88)
	at org.junit.runners.ParentRunner.run(ParentRunner.java:309)
	at org.apache.maven.surefire.junit4.JUnit4Provider.execute(JUnit4Provider.java:283)
	at org.apache.maven.surefire.junit4.JUnit4Provider.executeWithRerun(JUnit4Provider.java:173)
	at org.apache.maven.surefire.junit4.JUnit4Provider.executeTestSet(JUnit4Provider.java:153)
	at org.apache.maven.surefire.junit4.JUnit4Provider.invoke(JUnit4Provider.java:128)
	at org.apache.maven.surefire.booter.ForkedBooter.invokeProviderInSameClassLoader(ForkedBooter.java:203)
	at org.apache.maven.surefire.booter.ForkedBooter.runSuitesInProcess(ForkedBooter.java:155)
	at org.apache.maven.surefire.booter.ForkedBooter.main(ForkedBooter.java:103)
]]></failure>
  </testcase>
</testsuite>